<?xml version="1.0" encoding="UTF-8"?>
<testsuite xmlns:xsi="http://www.w3.org/2001/XMLSchema-instance" xsi:noNamespaceSchemaLocation="https://maven.apache.org/surefire/maven-surefire-plugin/xsd/surefire-test-report.xsd" version="3.0.1" name="code.with.vanilson.cucumber.runner.CucumberRunnerTest" time="76.116" tests="15" errors="0" skipped="0" failures="0">
  <properties>
[...]
</properties>
  <testcase name="Create 100 smurfs" classname="Create Smurf aliens" time="27.206">
    <system-out><![CDATA[13:17:53.236 [main] DEBUG org.springframework.boot.test.context.SpringBootTestContextBootstrapper - Neither @ContextConfiguration nor @ContextHierarchy found for test class [CucumberSpringConfiguration]: using SpringBootContextLoader
13:17:53.248 [main] DEBUG org.springframework.test.context.support.AbstractContextLoader - Could not detect default resource locations for test class [code.with.vanilson.cucumber.config.CucumberSpringConfiguration]: no resource found for suffixes {-context.xml, Context.groovy}.
13:17:53.250 [main] INFO org.springframework.test.context.support.AnnotationConfigContextLoaderUtils - Could not detect default configuration classes for test class [code.with.vanilson.cucumber.config.CucumberSpringConfiguration]: CucumberSpringConfiguration does not declare any static, non-private, non-final, nested classes annotated with @Configuration.
13:17:53.305 [main] DEBUG org.springframework.boot.test.context.SpringBootTestContextBootstrapper - Using ContextCustomizers for test class [CucumberSpringConfiguration]: [ExcludeFilterContextCustomizer, DuplicateJsonObjectContextCustomizer, MockitoContextCustomizer, TestRestTemplateContextCustomizer, DisableObservabilityContextCustomizer, PropertyMappingContextCustomizer, Customizer]
13:17:53.482 [main] DEBUG org.springframework.context.annotation.ClassPathScanningCandidateComponentProvider - Identified candidate component class: file [C:\Users\vamuhong\Documents\Formation 2023\backend\demo-cucumber\target\classes\code\with\vanilson\cucumber\DemoCucumberApplication.class]
13:17:53.488 [main] INFO org.springframework.boot.test.context.SpringBootTestContextBootstrapper - Found @SpringBootConfiguration code.with.vanilson.cucumber.DemoCucumberApplication for test class code.with.vanilson.cucumber.config.CucumberSpringConfiguration
13:17:53.774 [main] DEBUG org.springframework.boot.test.context.SpringBootTestContextBootstrapper - Using TestExecutionListeners for test class [CucumberSpringConfiguration]: [ServletTestExecutionListener, DirtiesContextBeforeModesTestExecutionListener, ApplicationEventsTestExecutionListener, MockitoTestExecutionListener, DependencyInjectionTestExecutionListener, DirtiesContextTestExecutionListener, TransactionalTestExecutionListener, SqlScriptsTestExecutionListener, EventPublishingTestExecutionListener, ResetMocksTestExecutionListener, RestDocsTestExecutionListener, MockRestServiceServerResetTestExecutionListener, MockMvcPrintOnlyOnFailureTestExecutionListener, WebDriverTestExecutionListener, MockWebServiceServerTestExecutionListener]

  .   ____          _            __ _ _
 /\\ / ___'_ __ _ _(_)_ __  __ _ \ \ \ \
( ( )\___ | '_ | '_| | '_ \/ _` | \ \ \ \
 \\/  ___)| |_)| | | | | || (_| |  ) ) ) )
  '  |____| .__|_| |_|_| |_\__, | / / / /
 =========|_|==============|___/=/_/_/_/
 :: Spring Boot ::                (v3.0.1)

2024-07-01T13:17:54.521+01:00  INFO 18604 --- [           main] c.w.v.c.c.CucumberSpringConfiguration    : Starting CucumberSpringConfiguration using Java 17.0.8 with PID 18604 (started by vamuhong in C:\Users\vamuhong\Documents\Formation 2023\backend\demo-cucumber)
2024-07-01T13:17:54.525+01:00  INFO 18604 --- [           main] c.w.v.c.c.CucumberSpringConfiguration    : No active profile set, falling back to 1 default profile: "default"
2024-07-01T13:17:55.877+01:00  INFO 18604 --- [           main] .s.d.r.c.RepositoryConfigurationDelegate : Bootstrapping Spring Data JPA repositories in DEFAULT mode.
2024-07-01T13:17:56.026+01:00  INFO 18604 --- [           main] .s.d.r.c.RepositoryConfigurationDelegate : Finished Spring Data repository scanning in 131 ms. Found 3 JPA repository interfaces.
2024-07-01T13:17:57.361+01:00  INFO 18604 --- [           main] o.s.b.w.embedded.tomcat.TomcatWebServer  : Tomcat initialized with port(s): 0 (http)
2024-07-01T13:17:57.384+01:00  INFO 18604 --- [           main] o.apache.catalina.core.StandardService   : Starting service [Tomcat]
2024-07-01T13:17:57.385+01:00  INFO 18604 --- [           main] o.apache.catalina.core.StandardEngine    : Starting Servlet engine: [Apache Tomcat/10.1.4]
2024-07-01T13:17:57.762+01:00  INFO 18604 --- [           main] o.a.c.c.C.[Tomcat].[localhost].[/]       : Initializing Spring embedded WebApplicationContext
2024-07-01T13:17:57.766+01:00  INFO 18604 --- [           main] w.s.c.ServletWebServerApplicationContext : Root WebApplicationContext: initialization completed in 3191 ms
2024-07-01T13:17:57.841+01:00  INFO 18604 --- [           main] com.zaxxer.hikari.HikariDataSource       : HikariPool-1 - Starting...
2024-07-01T13:17:58.334+01:00  INFO 18604 --- [           main] com.zaxxer.hikari.pool.HikariPool        : HikariPool-1 - Added connection conn0: url=jdbc:h2:mem:cucumberdb user=SA
2024-07-01T13:17:58.337+01:00  INFO 18604 --- [           main] com.zaxxer.hikari.HikariDataSource       : HikariPool-1 - Start completed.
2024-07-01T13:17:58.374+01:00  INFO 18604 --- [           main] o.s.b.a.h2.H2ConsoleAutoConfiguration    : H2 console available at '/h2-console'. Database available at 'jdbc:h2:mem:cucumberdb'
2024-07-01T13:17:58.670+01:00  INFO 18604 --- [           main] o.hibernate.jpa.internal.util.LogHelper  : HHH000204: Processing PersistenceUnitInfo [name: default]
2024-07-01T13:17:58.807+01:00  INFO 18604 --- [           main] org.hibernate.Version                    : HHH000412: Hibernate ORM core version 6.1.6.Final
2024-07-01T13:17:59.250+01:00  WARN 18604 --- [           main] org.hibernate.orm.deprecation            : HHH90000021: Encountered deprecated setting [javax.persistence.sharedCache.mode], use [jakarta.persistence.sharedCache.mode] instead
2024-07-01T13:17:59.618+01:00  INFO 18604 --- [           main] SQL dialect                              : HHH000400: Using dialect: org.hibernate.dialect.H2Dialect
2024-07-01T13:18:01.135+01:00  INFO 18604 --- [           main] o.h.e.t.j.p.i.JtaPlatformInitiator       : HHH000490: Using JtaPlatform implementation: [org.hibernate.engine.transaction.jta.platform.internal.NoJtaPlatform]
2024-07-01T13:18:01.147+01:00  INFO 18604 --- [           main] j.LocalContainerEntityManagerFactoryBean : Initialized JPA EntityManagerFactory for persistence unit 'default'
2024-07-01T13:18:02.646+01:00  INFO 18604 --- [           main] c.w.v.c.s.a.WeightIncreaseEntityListener : Listened for object with type Alien
2024-07-01T13:18:02.647+01:00  WARN 18604 --- [           main] c.w.v.c.s.a.WeightIncreaseEntityListener : Weight Gain service has been disabled
2024-07-01T13:18:02.690+01:00  INFO 18604 --- [           main] c.w.v.c.s.a.WeightIncreaseEntityListener : Listened for object with type Alien
2024-07-01T13:18:02.691+01:00  WARN 18604 --- [           main] c.w.v.c.s.a.WeightIncreaseEntityListener : Weight Gain service has been disabled
2024-07-01T13:18:02.692+01:00  INFO 18604 --- [           main] c.w.v.c.s.a.WeightIncreaseEntityListener : Listened for object with type Alien
2024-07-01T13:18:02.692+01:00  WARN 18604 --- [           main] c.w.v.c.s.a.WeightIncreaseEntityListener : Weight Gain service has been disabled
2024-07-01T13:18:02.693+01:00  INFO 18604 --- [           main] c.w.v.c.s.a.WeightIncreaseEntityListener : Listened for object with type Alien
2024-07-01T13:18:02.693+01:00  WARN 18604 --- [           main] c.w.v.c.s.a.WeightIncreaseEntityListener : Weight Gain service has been disabled
2024-07-01T13:18:02.694+01:00  INFO 18604 --- [           main] c.w.v.c.s.a.WeightIncreaseEntityListener : Listened for object with type Alien
2024-07-01T13:18:02.695+01:00  WARN 18604 --- [           main] c.w.v.c.s.a.WeightIncreaseEntityListener : Weight Gain service has been disabled
2024-07-01T13:18:02.695+01:00  INFO 18604 --- [           main] c.w.v.c.s.a.WeightIncreaseEntityListener : Listened for object with type Alien
2024-07-01T13:18:02.696+01:00  WARN 18604 --- [           main] c.w.v.c.s.a.WeightIncreaseEntityListener : Weight Gain service has been disabled
2024-07-01T13:18:02.697+01:00  INFO 18604 --- [           main] c.w.v.c.s.a.WeightIncreaseEntityListener : Listened for object with type Alien
2024-07-01T13:18:02.697+01:00  WARN 18604 --- [           main] c.w.v.c.s.a.WeightIncreaseEntityListener : Weight Gain service has been disabled
2024-07-01T13:18:02.698+01:00  INFO 18604 --- [           main] c.w.v.c.s.a.WeightIncreaseEntityListener : Listened for object with type Alien
2024-07-01T13:18:02.698+01:00  WARN 18604 --- [           main] c.w.v.c.s.a.WeightIncreaseEntityListener : Weight Gain service has been disabled
2024-07-01T13:18:02.699+01:00  INFO 18604 --- [           main] c.w.v.c.s.a.WeightIncreaseEntityListener : Listened for object with type Alien
2024-07-01T13:18:02.699+01:00  WARN 18604 --- [           main] c.w.v.c.s.a.WeightIncreaseEntityListener : Weight Gain service has been disabled
2024-07-01T13:18:02.700+01:00  INFO 18604 --- [           main] c.w.v.c.s.a.WeightIncreaseEntityListener : Listened for object with type Alien
2024-07-01T13:18:02.700+01:00  WARN 18604 --- [           main] c.w.v.c.s.a.WeightIncreaseEntityListener : Weight Gain service has been disabled
2024-07-01T13:18:02.888+01:00  WARN 18604 --- [           main] JpaBaseConfiguration$JpaWebConfiguration : spring.jpa.open-in-view is enabled by default. Therefore, database queries may be performed during view rendering. Explicitly configure spring.jpa.open-in-view to disable this warning
2024-07-01T13:18:03.703+01:00  INFO 18604 --- [           main] o.s.b.w.embedded.tomcat.TomcatWebServer  : Tomcat started on port(s): 51257 (http) with context path ''
2024-07-01T13:18:03.721+01:00  INFO 18604 --- [           main] c.w.v.c.c.CucumberSpringConfiguration    : Started CucumberSpringConfiguration in 9.87 seconds (process running for 12.604)

Scenario: Create 100 smurfs                                 &amp#27;[90m# features/alien/AlienTest.feature:3&amp#27;[0m
2024-07-01T13:18:04.174+01:00  INFO 18604 --- [           main] c.w.v.cucumber.space.alien.AlienService  : Delete all aliens
  &amp#27;[32mGiven &amp#27;[0m&amp#27;[32mNo aliens exists&amp#27;[0m                                    &amp#27;[90m# code.with.vanilson.cucumber.glue.CucumberAlienSteps.noAliens()&amp#27;[0m
2024-07-01T13:18:04.456+01:00  INFO 18604 --- [           main] c.w.v.c.s.a.WeightIncreaseEntityListener : Listened for object with type Alien
2024-07-01T13:18:04.456+01:00  WARN 18604 --- [           main] c.w.v.c.s.a.WeightIncreaseEntityListener : Weight Gain service has been disabled
2024-07-01T13:18:04.457+01:00  INFO 18604 --- [           main] c.w.v.cucumber.space.alien.AlienService  : An alien has been created! Alien(id=11, type=Smurf, fullName=Mike, weight=39, runSpeed=0, height=57)
2024-07-01T13:18:04.614+01:00  INFO 18604 --- [           main] c.w.v.c.s.a.WeightIncreaseEntityListener : Listened for object with type Alien
2024-07-01T13:18:04.614+01:00  WARN 18604 --- [           main] c.w.v.c.s.a.WeightIncreaseEntityListener : Weight Gain service has been disabled
2024-07-01T13:18:04.616+01:00  INFO 18604 --- [           main] c.w.v.cucumber.space.alien.AlienService  : An alien has been created! Alien(id=12, type=Smurf, fullName=Mike, weight=9, runSpeed=0, height=99)
2024-07-01T13:18:04.769+01:00  INFO 18604 --- [           main] c.w.v.c.s.a.WeightIncreaseEntityListener : Listened for object with type Alien
2024-07-01T13:18:04.770+01:00  WARN 18604 --- [           main] c.w.v.c.s.a.WeightIncreaseEntityListener : Weight Gain service has been disabled
2024-07-01T13:18:04.771+01:00  INFO 18604 --- [           main] c.w.v.cucumber.space.alien.AlienService  : An alien has been created! Alien(id=13, type=Smurf, fullName=Mike, weight=17, runSpeed=0, height=43)
2024-07-01T13:18:04.925+01:00  INFO 18604 --- [           main] c.w.v.c.s.a.WeightIncreaseEntityListener : Listened for object with type Alien
2024-07-01T13:18:04.925+01:00  WARN 18604 --- [           main] c.w.v.c.s.a.WeightIncreaseEntityListener : Weight Gain service has been disabled
2024-07-01T13:18:04.927+01:00  INFO 18604 --- [           main] c.w.v.cucumber.space.alien.AlienService  : An alien has been created! Alien(id=14, type=Smurf, fullName=Mike, weight=3, runSpeed=0, height=70)
2024-07-01T13:18:05.082+01:00  INFO 18604 --- [           main] c.w.v.c.s.a.WeightIncreaseEntityListener : Listened for object with type Alien
2024-07-01T13:18:05.082+01:00  WARN 18604 --- [           main] c.w.v.c.s.a.WeightIncreaseEntityListener : Weight Gain service has been disabled
2024-07-01T13:18:05.083+01:00  INFO 18604 --- [           main] c.w.v.cucumber.space.alien.AlienService  : An alien has been created! Alien(id=15, type=Smurf, fullName=Mike, weight=7, runSpeed=0, height=33)
2024-07-01T13:18:05.241+01:00  INFO 18604 --- [           main] c.w.v.c.s.a.WeightIncreaseEntityListener : Listened for object with type Alien
2024-07-01T13:18:05.242+01:00  WARN 18604 --- [           main] c.w.v.c.s.a.WeightIncreaseEntityListener : Weight Gain service has been disabled
2024-07-01T13:18:05.243+01:00  INFO 18604 --- [           main] c.w.v.cucumber.space.alien.AlienService  : An alien has been created! Alien(id=16, type=Smurf, fullName=Mike, weight=47, runSpeed=0, height=1)
2024-07-01T13:18:05.398+01:00  INFO 18604 --- [           main] c.w.v.c.s.a.WeightIncreaseEntityListener : Listened for object with type Alien
2024-07-01T13:18:05.398+01:00  WARN 18604 --- [           main] c.w.v.c.s.a.WeightIncreaseEntityListener : Weight Gain service has been disabled
2024-07-01T13:18:05.399+01:00  INFO 18604 --- [           main] c.w.v.cucumber.space.alien.AlienService  : An alien has been created! Alien(id=17, type=Smurf, fullName=Mike, weight=78, runSpeed=0, height=32)
2024-07-01T13:18:05.555+01:00  INFO 18604 --- [           main] c.w.v.c.s.a.WeightIncreaseEntityListener : Listened for object with type Alien
2024-07-01T13:18:05.555+01:00  WARN 18604 --- [           main] c.w.v.c.s.a.WeightIncreaseEntityListener : Weight Gain service has been disabled
2024-07-01T13:18:05.556+01:00  INFO 18604 --- [           main] c.w.v.cucumber.space.alien.AlienService  : An alien has been created! Alien(id=18, type=Smurf, fullName=Mike, weight=81, runSpeed=0, height=78)
2024-07-01T13:18:05.712+01:00  INFO 18604 --- [           main] c.w.v.c.s.a.WeightIncreaseEntityListener : Listened for object with type Alien
2024-07-01T13:18:05.712+01:00  WARN 18604 --- [           main] c.w.v.c.s.a.WeightIncreaseEntityListener : Weight Gain service has been disabled
2024-07-01T13:18:05.714+01:00  INFO 18604 --- [           main] c.w.v.cucumber.space.alien.AlienService  : An alien has been created! Alien(id=19, type=Smurf, fullName=Mike, weight=70, runSpeed=0, height=16)
2024-07-01T13:18:05.869+01:00  INFO 18604 --- [           main] c.w.v.c.s.a.WeightIncreaseEntityListener : Listened for object with type Alien
2024-07-01T13:18:05.870+01:00  WARN 18604 --- [           main] c.w.v.c.s.a.WeightIncreaseEntityListener : Weight Gain service has been disabled
2024-07-01T13:18:05.872+01:00  INFO 18604 --- [           main] c.w.v.cucumber.space.alien.AlienService  : An alien has been created! Alien(id=20, type=Smurf, fullName=Mike, weight=21, runSpeed=0, height=23)
2024-07-01T13:18:06.027+01:00  INFO 18604 --- [           main] c.w.v.c.s.a.WeightIncreaseEntityListener : Listened for object with type Alien
2024-07-01T13:18:06.028+01:00  WARN 18604 --- [           main] c.w.v.c.s.a.WeightIncreaseEntityListener : Weight Gain service has been disabled
2024-07-01T13:18:06.029+01:00  INFO 18604 --- [           main] c.w.v.cucumber.space.alien.AlienService  : An alien has been created! Alien(id=21, type=Smurf, fullName=Mike, weight=5, runSpeed=0, height=16)
2024-07-01T13:18:06.184+01:00  INFO 18604 --- [           main] c.w.v.c.s.a.WeightIncreaseEntityListener : Listened for object with type Alien
2024-07-01T13:18:06.185+01:00  WARN 18604 --- [           main] c.w.v.c.s.a.WeightIncreaseEntityListener : Weight Gain service has been disabled
2024-07-01T13:18:06.186+01:00  INFO 18604 --- [           main] c.w.v.cucumber.space.alien.AlienService  : An alien has been created! Alien(id=22, type=Smurf, fullName=Mike, weight=31, runSpeed=0, height=54)
2024-07-01T13:18:06.341+01:00  INFO 18604 --- [           main] c.w.v.c.s.a.WeightIncreaseEntityListener : Listened for object with type Alien
2024-07-01T13:18:06.342+01:00  WARN 18604 --- [           main] c.w.v.c.s.a.WeightIncreaseEntityListener : Weight Gain service has been disabled
2024-07-01T13:18:06.344+01:00  INFO 18604 --- [           main] c.w.v.cucumber.space.alien.AlienService  : An alien has been created! Alien(id=23, type=Smurf, fullName=Mike, weight=13, runSpeed=0, height=67)
2024-07-01T13:18:06.497+01:00  INFO 18604 --- [           main] c.w.v.c.s.a.WeightIncreaseEntityListener : Listened for object with type Alien
2024-07-01T13:18:06.497+01:00  WARN 18604 --- [           main] c.w.v.c.s.a.WeightIncreaseEntityListener : Weight Gain service has been disabled
2024-07-01T13:18:06.499+01:00  INFO 18604 --- [           main] c.w.v.cucumber.space.alien.AlienService  : An alien has been created! Alien(id=24, type=Smurf, fullName=Mike, weight=0, runSpeed=0, height=55)
2024-07-01T13:18:06.654+01:00  INFO 18604 --- [           main] c.w.v.c.s.a.WeightIncreaseEntityListener : Listened for object with type Alien
2024-07-01T13:18:06.655+01:00  WARN 18604 --- [           main] c.w.v.c.s.a.WeightIncreaseEntityListener : Weight Gain service has been disabled
2024-07-01T13:18:06.656+01:00  INFO 18604 --- [           main] c.w.v.cucumber.space.alien.AlienService  : An alien has been created! Alien(id=25, type=Smurf, fullName=Mike, weight=32, runSpeed=0, height=82)
2024-07-01T13:18:06.812+01:00  INFO 18604 --- [           main] c.w.v.c.s.a.WeightIncreaseEntityListener : Listened for object with type Alien
2024-07-01T13:18:06.813+01:00  WARN 18604 --- [           main] c.w.v.c.s.a.WeightIncreaseEntityListener : Weight Gain service has been disabled
2024-07-01T13:18:06.814+01:00  INFO 18604 --- [           main] c.w.v.cucumber.space.alien.AlienService  : An alien has been created! Alien(id=26, type=Smurf, fullName=Mike, weight=73, runSpeed=0, height=43)
2024-07-01T13:18:06.968+01:00  INFO 18604 --- [           main] c.w.v.c.s.a.WeightIncreaseEntityListener : Listened for object with type Alien
2024-07-01T13:18:06.969+01:00  WARN 18604 --- [           main] c.w.v.c.s.a.WeightIncreaseEntityListener : Weight Gain service has been disabled
2024-07-01T13:18:06.970+01:00  INFO 18604 --- [           main] c.w.v.cucumber.space.alien.AlienService  : An alien has been created! Alien(id=27, type=Smurf, fullName=Mike, weight=83, runSpeed=0, height=84)
2024-07-01T13:18:07.126+01:00  INFO 18604 --- [           main] c.w.v.c.s.a.WeightIncreaseEntityListener : Listened for object with type Alien
2024-07-01T13:18:07.127+01:00  WARN 18604 --- [           main] c.w.v.c.s.a.WeightIncreaseEntityListener : Weight Gain service has been disabled
2024-07-01T13:18:07.128+01:00  INFO 18604 --- [           main] c.w.v.cucumber.space.alien.AlienService  : An alien has been created! Alien(id=28, type=Smurf, fullName=Mike, weight=54, runSpeed=0, height=98)
2024-07-01T13:18:07.282+01:00  INFO 18604 --- [           main] c.w.v.c.s.a.WeightIncreaseEntityListener : Listened for object with type Alien
2024-07-01T13:18:07.282+01:00  WARN 18604 --- [           main] c.w.v.c.s.a.WeightIncreaseEntityListener : Weight Gain service has been disabled
2024-07-01T13:18:07.283+01:00  INFO 18604 --- [           main] c.w.v.cucumber.space.alien.AlienService  : An alien has been created! Alien(id=29, type=Smurf, fullName=Mike, weight=86, runSpeed=0, height=85)
2024-07-01T13:18:07.439+01:00  INFO 18604 --- [           main] c.w.v.c.s.a.WeightIncreaseEntityListener : Listened for object with type Alien
2024-07-01T13:18:07.439+01:00  WARN 18604 --- [           main] c.w.v.c.s.a.WeightIncreaseEntityListener : Weight Gain service has been disabled
2024-07-01T13:18:07.440+01:00  INFO 18604 --- [           main] c.w.v.cucumber.space.alien.AlienService  : An alien has been created! Alien(id=30, type=Smurf, fullName=Mike, weight=28, runSpeed=0, height=53)
2024-07-01T13:18:07.595+01:00  INFO 18604 --- [           main] c.w.v.c.s.a.WeightIncreaseEntityListener : Listened for object with type Alien
2024-07-01T13:18:07.595+01:00  WARN 18604 --- [           main] c.w.v.c.s.a.WeightIncreaseEntityListener : Weight Gain service has been disabled
2024-07-01T13:18:07.597+01:00  INFO 18604 --- [           main] c.w.v.cucumber.space.alien.AlienService  : An alien has been created! Alien(id=31, type=Smurf, fullName=Mike, weight=35, runSpeed=0, height=99)
2024-07-01T13:18:07.754+01:00  INFO 18604 --- [           main] c.w.v.c.s.a.WeightIncreaseEntityListener : Listened for object with type Alien
2024-07-01T13:18:07.754+01:00  WARN 18604 --- [           main] c.w.v.c.s.a.WeightIncreaseEntityListener : Weight Gain service has been disabled
2024-07-01T13:18:07.755+01:00  INFO 18604 --- [           main] c.w.v.cucumber.space.alien.AlienService  : An alien has been created! Alien(id=32, type=Smurf, fullName=Mike, weight=53, runSpeed=0, height=55)
2024-07-01T13:18:07.910+01:00  INFO 18604 --- [           main] c.w.v.c.s.a.WeightIncreaseEntityListener : Listened for object with type Alien
2024-07-01T13:18:07.910+01:00  WARN 18604 --- [           main] c.w.v.c.s.a.WeightIncreaseEntityListener : Weight Gain service has been disabled
2024-07-01T13:18:07.912+01:00  INFO 18604 --- [           main] c.w.v.cucumber.space.alien.AlienService  : An alien has been created! Alien(id=33, type=Smurf, fullName=Mike, weight=58, runSpeed=0, height=44)
2024-07-01T13:18:08.068+01:00  INFO 18604 --- [           main] c.w.v.c.s.a.WeightIncreaseEntityListener : Listened for object with type Alien
2024-07-01T13:18:08.068+01:00  WARN 18604 --- [           main] c.w.v.c.s.a.WeightIncreaseEntityListener : Weight Gain service has been disabled
2024-07-01T13:18:08.070+01:00  INFO 18604 --- [           main] c.w.v.cucumber.space.alien.AlienService  : An alien has been created! Alien(id=34, type=Smurf, fullName=Mike, weight=66, runSpeed=0, height=66)
2024-07-01T13:18:08.226+01:00  INFO 18604 --- [           main] c.w.v.c.s.a.WeightIncreaseEntityListener : Listened for object with type Alien
2024-07-01T13:18:08.226+01:00  WARN 18604 --- [           main] c.w.v.c.s.a.WeightIncreaseEntityListener : Weight Gain service has been disabled
2024-07-01T13:18:08.228+01:00  INFO 18604 --- [           main] c.w.v.cucumber.space.alien.AlienService  : An alien has been created! Alien(id=35, type=Smurf, fullName=Mike, weight=42, runSpeed=0, height=74)
2024-07-01T13:18:08.384+01:00  INFO 18604 --- [           main] c.w.v.c.s.a.WeightIncreaseEntityListener : Listened for object with type Alien
2024-07-01T13:18:08.384+01:00  WARN 18604 --- [           main] c.w.v.c.s.a.WeightIncreaseEntityListener : Weight Gain service has been disabled
2024-07-01T13:18:08.385+01:00  INFO 18604 --- [           main] c.w.v.cucumber.space.alien.AlienService  : An alien has been created! Alien(id=36, type=Smurf, fullName=Mike, weight=64, runSpeed=0, height=95)
2024-07-01T13:18:08.539+01:00  INFO 18604 --- [           main] c.w.v.c.s.a.WeightIncreaseEntityListener : Listened for object with type Alien
2024-07-01T13:18:08.539+01:00  WARN 18604 --- [           main] c.w.v.c.s.a.WeightIncreaseEntityListener : Weight Gain service has been disabled
2024-07-01T13:18:08.541+01:00  INFO 18604 --- [           main] c.w.v.cucumber.space.alien.AlienService  : An alien has been created! Alien(id=37, type=Smurf, fullName=Mike, weight=97, runSpeed=0, height=1)
2024-07-01T13:18:08.698+01:00  INFO 18604 --- [           main] c.w.v.c.s.a.WeightIncreaseEntityListener : Listened for object with type Alien
2024-07-01T13:18:08.698+01:00  WARN 18604 --- [           main] c.w.v.c.s.a.WeightIncreaseEntityListener : Weight Gain service has been disabled
2024-07-01T13:18:08.699+01:00  INFO 18604 --- [           main] c.w.v.cucumber.space.alien.AlienService  : An alien has been created! Alien(id=38, type=Smurf, fullName=Mike, weight=25, runSpeed=0, height=98)
2024-07-01T13:18:08.854+01:00  INFO 18604 --- [           main] c.w.v.c.s.a.WeightIncreaseEntityListener : Listened for object with type Alien
2024-07-01T13:18:08.854+01:00  WARN 18604 --- [           main] c.w.v.c.s.a.WeightIncreaseEntityListener : Weight Gain service has been disabled
2024-07-01T13:18:08.856+01:00  INFO 18604 --- [           main] c.w.v.cucumber.space.alien.AlienService  : An alien has been created! Alien(id=39, type=Smurf, fullName=Mike, weight=57, runSpeed=0, height=0)
2024-07-01T13:18:09.010+01:00  INFO 18604 --- [           main] c.w.v.c.s.a.WeightIncreaseEntityListener : Listened for object with type Alien
2024-07-01T13:18:09.011+01:00  WARN 18604 --- [           main] c.w.v.c.s.a.WeightIncreaseEntityListener : Weight Gain service has been disabled
2024-07-01T13:18:09.012+01:00  INFO 18604 --- [           main] c.w.v.cucumber.space.alien.AlienService  : An alien has been created! Alien(id=40, type=Smurf, fullName=Mike, weight=56, runSpeed=0, height=4)
2024-07-01T13:18:09.166+01:00  INFO 18604 --- [           main] c.w.v.c.s.a.WeightIncreaseEntityListener : Listened for object with type Alien
2024-07-01T13:18:09.166+01:00  WARN 18604 --- [           main] c.w.v.c.s.a.WeightIncreaseEntityListener : Weight Gain service has been disabled
2024-07-01T13:18:09.168+01:00  INFO 18604 --- [           main] c.w.v.cucumber.space.alien.AlienService  : An alien has been created! Alien(id=41, type=Smurf, fullName=Mike, weight=56, runSpeed=0, height=82)
2024-07-01T13:18:09.323+01:00  INFO 18604 --- [           main] c.w.v.c.s.a.WeightIncreaseEntityListener : Listened for object with type Alien
2024-07-01T13:18:09.323+01:00  WARN 18604 --- [           main] c.w.v.c.s.a.WeightIncreaseEntityListener : Weight Gain service has been disabled
2024-07-01T13:18:09.325+01:00  INFO 18604 --- [           main] c.w.v.cucumber.space.alien.AlienService  : An alien has been created! Alien(id=42, type=Smurf, fullName=Mike, weight=26, runSpeed=0, height=64)
2024-07-01T13:18:09.482+01:00  INFO 18604 --- [           main] c.w.v.c.s.a.WeightIncreaseEntityListener : Listened for object with type Alien
2024-07-01T13:18:09.482+01:00  WARN 18604 --- [           main] c.w.v.c.s.a.WeightIncreaseEntityListener : Weight Gain service has been disabled
2024-07-01T13:18:09.484+01:00  INFO 18604 --- [           main] c.w.v.cucumber.space.alien.AlienService  : An alien has been created! Alien(id=43, type=Smurf, fullName=Mike, weight=57, runSpeed=0, height=98)
2024-07-01T13:18:09.640+01:00  INFO 18604 --- [           main] c.w.v.c.s.a.WeightIncreaseEntityListener : Listened for object with type Alien
2024-07-01T13:18:09.640+01:00  WARN 18604 --- [           main] c.w.v.c.s.a.WeightIncreaseEntityListener : Weight Gain service has been disabled
2024-07-01T13:18:09.642+01:00  INFO 18604 --- [           main] c.w.v.cucumber.space.alien.AlienService  : An alien has been created! Alien(id=44, type=Smurf, fullName=Mike, weight=62, runSpeed=0, height=3)
2024-07-01T13:18:09.798+01:00  INFO 18604 --- [           main] c.w.v.c.s.a.WeightIncreaseEntityListener : Listened for object with type Alien
2024-07-01T13:18:09.798+01:00  WARN 18604 --- [           main] c.w.v.c.s.a.WeightIncreaseEntityListener : Weight Gain service has been disabled
2024-07-01T13:18:09.800+01:00  INFO 18604 --- [           main] c.w.v.cucumber.space.alien.AlienService  : An alien has been created! Alien(id=45, type=Smurf, fullName=Mike, weight=6, runSpeed=0, height=47)
2024-07-01T13:18:09.955+01:00  INFO 18604 --- [           main] c.w.v.c.s.a.WeightIncreaseEntityListener : Listened for object with type Alien
2024-07-01T13:18:09.955+01:00  WARN 18604 --- [           main] c.w.v.c.s.a.WeightIncreaseEntityListener : Weight Gain service has been disabled
2024-07-01T13:18:09.956+01:00  INFO 18604 --- [           main] c.w.v.cucumber.space.alien.AlienService  : An alien has been created! Alien(id=46, type=Smurf, fullName=Mike, weight=49, runSpeed=0, height=99)
2024-07-01T13:18:10.111+01:00  INFO 18604 --- [           main] c.w.v.c.s.a.WeightIncreaseEntityListener : Listened for object with type Alien
2024-07-01T13:18:10.111+01:00  WARN 18604 --- [           main] c.w.v.c.s.a.WeightIncreaseEntityListener : Weight Gain service has been disabled
2024-07-01T13:18:10.113+01:00  INFO 18604 --- [           main] c.w.v.cucumber.space.alien.AlienService  : An alien has been created! Alien(id=47, type=Smurf, fullName=Mike, weight=97, runSpeed=0, height=89)
2024-07-01T13:18:10.270+01:00  INFO 18604 --- [           main] c.w.v.c.s.a.WeightIncreaseEntityListener : Listened for object with type Alien
2024-07-01T13:18:10.270+01:00  WARN 18604 --- [           main] c.w.v.c.s.a.WeightIncreaseEntityListener : Weight Gain service has been disabled
2024-07-01T13:18:10.272+01:00  INFO 18604 --- [           main] c.w.v.cucumber.space.alien.AlienService  : An alien has been created! Alien(id=48, type=Smurf, fullName=Mike, weight=76, runSpeed=0, height=90)
2024-07-01T13:18:10.426+01:00  INFO 18604 --- [           main] c.w.v.c.s.a.WeightIncreaseEntityListener : Listened for object with type Alien
2024-07-01T13:18:10.426+01:00  WARN 18604 --- [           main] c.w.v.c.s.a.WeightIncreaseEntityListener : Weight Gain service has been disabled
2024-07-01T13:18:10.427+01:00  INFO 18604 --- [           main] c.w.v.cucumber.space.alien.AlienService  : An alien has been created! Alien(id=49, type=Smurf, fullName=Mike, weight=78, runSpeed=0, height=6)
2024-07-01T13:18:10.584+01:00  INFO 18604 --- [           main] c.w.v.c.s.a.WeightIncreaseEntityListener : Listened for object with type Alien
2024-07-01T13:18:10.584+01:00  WARN 18604 --- [           main] c.w.v.c.s.a.WeightIncreaseEntityListener : Weight Gain service has been disabled
2024-07-01T13:18:10.586+01:00  INFO 18604 --- [           main] c.w.v.cucumber.space.alien.AlienService  : An alien has been created! Alien(id=50, type=Smurf, fullName=Mike, weight=40, runSpeed=0, height=37)
2024-07-01T13:18:10.742+01:00  INFO 18604 --- [           main] c.w.v.c.s.a.WeightIncreaseEntityListener : Listened for object with type Alien
2024-07-01T13:18:10.742+01:00  WARN 18604 --- [           main] c.w.v.c.s.a.WeightIncreaseEntityListener : Weight Gain service has been disabled
2024-07-01T13:18:10.743+01:00  INFO 18604 --- [           main] c.w.v.cucumber.space.alien.AlienService  : An alien has been created! Alien(id=51, type=Smurf, fullName=Mike, weight=6, runSpeed=0, height=4)
2024-07-01T13:18:10.899+01:00  INFO 18604 --- [           main] c.w.v.c.s.a.WeightIncreaseEntityListener : Listened for object with type Alien
2024-07-01T13:18:10.899+01:00  WARN 18604 --- [           main] c.w.v.c.s.a.WeightIncreaseEntityListener : Weight Gain service has been disabled
2024-07-01T13:18:10.900+01:00  INFO 18604 --- [           main] c.w.v.cucumber.space.alien.AlienService  : An alien has been created! Alien(id=52, type=Smurf, fullName=Mike, weight=41, runSpeed=0, height=98)
2024-07-01T13:18:11.055+01:00  INFO 18604 --- [           main] c.w.v.c.s.a.WeightIncreaseEntityListener : Listened for object with type Alien
2024-07-01T13:18:11.055+01:00  WARN 18604 --- [           main] c.w.v.c.s.a.WeightIncreaseEntityListener : Weight Gain service has been disabled
2024-07-01T13:18:11.056+01:00  INFO 18604 --- [           main] c.w.v.cucumber.space.alien.AlienService  : An alien has been created! Alien(id=53, type=Smurf, fullName=Mike, weight=26, runSpeed=0, height=17)
2024-07-01T13:18:11.214+01:00  INFO 18604 --- [           main] c.w.v.c.s.a.WeightIncreaseEntityListener : Listened for object with type Alien
2024-07-01T13:18:11.214+01:00  WARN 18604 --- [           main] c.w.v.c.s.a.WeightIncreaseEntityListener : Weight Gain service has been disabled
2024-07-01T13:18:11.215+01:00  INFO 18604 --- [           main] c.w.v.cucumber.space.alien.AlienService  : An alien has been created! Alien(id=54, type=Smurf, fullName=Mike, weight=12, runSpeed=0, height=68)
2024-07-01T13:18:11.370+01:00  INFO 18604 --- [           main] c.w.v.c.s.a.WeightIncreaseEntityListener : Listened for object with type Alien
2024-07-01T13:18:11.370+01:00  WARN 18604 --- [           main] c.w.v.c.s.a.WeightIncreaseEntityListener : Weight Gain service has been disabled
2024-07-01T13:18:11.372+01:00  INFO 18604 --- [           main] c.w.v.cucumber.space.alien.AlienService  : An alien has been created! Alien(id=55, type=Smurf, fullName=Mike, weight=75, runSpeed=0, height=97)
2024-07-01T13:18:11.528+01:00  INFO 18604 --- [           main] c.w.v.c.s.a.WeightIncreaseEntityListener : Listened for object with type Alien
2024-07-01T13:18:11.528+01:00  WARN 18604 --- [           main] c.w.v.c.s.a.WeightIncreaseEntityListener : Weight Gain service has been disabled
2024-07-01T13:18:11.529+01:00  INFO 18604 --- [           main] c.w.v.cucumber.space.alien.AlienService  : An alien has been created! Alien(id=56, type=Smurf, fullName=Mike, weight=44, runSpeed=0, height=36)
2024-07-01T13:18:11.685+01:00  INFO 18604 --- [           main] c.w.v.c.s.a.WeightIncreaseEntityListener : Listened for object with type Alien
2024-07-01T13:18:11.685+01:00  WARN 18604 --- [           main] c.w.v.c.s.a.WeightIncreaseEntityListener : Weight Gain service has been disabled
2024-07-01T13:18:11.686+01:00  INFO 18604 --- [           main] c.w.v.cucumber.space.alien.AlienService  : An alien has been created! Alien(id=57, type=Smurf, fullName=Mike, weight=31, runSpeed=0, height=61)
2024-07-01T13:18:11.843+01:00  INFO 18604 --- [           main] c.w.v.c.s.a.WeightIncreaseEntityListener : Listened for object with type Alien
2024-07-01T13:18:11.843+01:00  WARN 18604 --- [           main] c.w.v.c.s.a.WeightIncreaseEntityListener : Weight Gain service has been disabled
2024-07-01T13:18:11.844+01:00  INFO 18604 --- [           main] c.w.v.cucumber.space.alien.AlienService  : An alien has been created! Alien(id=58, type=Smurf, fullName=Mike, weight=26, runSpeed=0, height=7)
2024-07-01T13:18:12.001+01:00  INFO 18604 --- [           main] c.w.v.c.s.a.WeightIncreaseEntityListener : Listened for object with type Alien
2024-07-01T13:18:12.001+01:00  WARN 18604 --- [           main] c.w.v.c.s.a.WeightIncreaseEntityListener : Weight Gain service has been disabled
2024-07-01T13:18:12.004+01:00  INFO 18604 --- [           main] c.w.v.cucumber.space.alien.AlienService  : An alien has been created! Alien(id=59, type=Smurf, fullName=Mike, weight=49, runSpeed=0, height=81)
2024-07-01T13:18:12.161+01:00  INFO 18604 --- [           main] c.w.v.c.s.a.WeightIncreaseEntityListener : Listened for object with type Alien
2024-07-01T13:18:12.161+01:00  WARN 18604 --- [           main] c.w.v.c.s.a.WeightIncreaseEntityListener : Weight Gain service has been disabled
2024-07-01T13:18:12.162+01:00  INFO 18604 --- [           main] c.w.v.cucumber.space.alien.AlienService  : An alien has been created! Alien(id=60, type=Smurf, fullName=Mike, weight=40, runSpeed=0, height=32)
  &amp#27;[32mWhen &amp#27;[0m&amp#27;[32mCreate &amp#27;[0m&amp#27;[32m&amp#27;[1m50&amp#27;[0m&amp#27;[32m alien with name &amp#27;[0m&amp#27;[32m&amp#27;[1m"Mike"&amp#27;[0m&amp#27;[32m and type &amp#27;[0m&amp#27;[32m&amp#27;[1m"Smurf"&amp#27;[0m    &amp#27;[90m# code.with.vanilson.cucumber.glue.CucumberAlienSteps.whenClientCalls(int,java.lang.String,java.lang.String)&amp#27;[0m
  &amp#27;[32mThen &amp#27;[0m&amp#27;[32mTotal number of aliens should be &amp#27;[0m&amp#27;[32m&amp#27;[1m50&amp#27;[0m                  &amp#27;[90m# code.with.vanilson.cucumber.glue.CucumberAlienSteps.thenStatusCodee(int)&amp#27;[0m
2024-07-01T13:18:12.335+01:00  INFO 18604 --- [           main] c.w.v.c.s.a.WeightIncreaseEntityListener : Listened for object with type Alien
2024-07-01T13:18:12.336+01:00  WARN 18604 --- [           main] c.w.v.c.s.a.WeightIncreaseEntityListener : Weight Gain service has been disabled
2024-07-01T13:18:12.337+01:00  INFO 18604 --- [           main] c.w.v.cucumber.space.alien.AlienService  : An alien has been created! Alien(id=61, type=Smurf, fullName=Harriet, weight=87, runSpeed=0, height=69)
2024-07-01T13:18:12.493+01:00  INFO 18604 --- [           main] c.w.v.c.s.a.WeightIncreaseEntityListener : Listened for object with type Alien
2024-07-01T13:18:12.493+01:00  WARN 18604 --- [           main] c.w.v.c.s.a.WeightIncreaseEntityListener : Weight Gain service has been disabled
2024-07-01T13:18:12.494+01:00  INFO 18604 --- [           main] c.w.v.cucumber.space.alien.AlienService  : An alien has been created! Alien(id=62, type=Smurf, fullName=Harriet, weight=73, runSpeed=0, height=64)
2024-07-01T13:18:12.650+01:00  INFO 18604 --- [           main] c.w.v.c.s.a.WeightIncreaseEntityListener : Listened for object with type Alien
2024-07-01T13:18:12.650+01:00  WARN 18604 --- [           main] c.w.v.c.s.a.WeightIncreaseEntityListener : Weight Gain service has been disabled
2024-07-01T13:18:12.651+01:00  INFO 18604 --- [           main] c.w.v.cucumber.space.alien.AlienService  : An alien has been created! Alien(id=63, type=Smurf, fullName=Harriet, weight=98, runSpeed=0, height=48)
2024-07-01T13:18:12.808+01:00  INFO 18604 --- [           main] c.w.v.c.s.a.WeightIncreaseEntityListener : Listened for object with type Alien
2024-07-01T13:18:12.809+01:00  WARN 18604 --- [           main] c.w.v.c.s.a.WeightIncreaseEntityListener : Weight Gain service has been disabled
2024-07-01T13:18:12.810+01:00  INFO 18604 --- [           main] c.w.v.cucumber.space.alien.AlienService  : An alien has been created! Alien(id=64, type=Smurf, fullName=Harriet, weight=6, runSpeed=0, height=76)
2024-07-01T13:18:12.966+01:00  INFO 18604 --- [           main] c.w.v.c.s.a.WeightIncreaseEntityListener : Listened for object with type Alien
2024-07-01T13:18:12.966+01:00  WARN 18604 --- [           main] c.w.v.c.s.a.WeightIncreaseEntityListener : Weight Gain service has been disabled
2024-07-01T13:18:12.967+01:00  INFO 18604 --- [           main] c.w.v.cucumber.space.alien.AlienService  : An alien has been created! Alien(id=65, type=Smurf, fullName=Harriet, weight=71, runSpeed=0, height=64)
2024-07-01T13:18:13.124+01:00  INFO 18604 --- [           main] c.w.v.c.s.a.WeightIncreaseEntityListener : Listened for object with type Alien
2024-07-01T13:18:13.124+01:00  WARN 18604 --- [           main] c.w.v.c.s.a.WeightIncreaseEntityListener : Weight Gain service has been disabled
2024-07-01T13:18:13.125+01:00  INFO 18604 --- [           main] c.w.v.cucumber.space.alien.AlienService  : An alien has been created! Alien(id=66, type=Smurf, fullName=Harriet, weight=41, runSpeed=0, height=55)
2024-07-01T13:18:13.281+01:00  INFO 18604 --- [           main] c.w.v.c.s.a.WeightIncreaseEntityListener : Listened for object with type Alien
2024-07-01T13:18:13.281+01:00  WARN 18604 --- [           main] c.w.v.c.s.a.WeightIncreaseEntityListener : Weight Gain service has been disabled
2024-07-01T13:18:13.282+01:00  INFO 18604 --- [           main] c.w.v.cucumber.space.alien.AlienService  : An alien has been created! Alien(id=67, type=Smurf, fullName=Harriet, weight=4, runSpeed=0, height=40)
2024-07-01T13:18:13.438+01:00  INFO 18604 --- [           main] c.w.v.c.s.a.WeightIncreaseEntityListener : Listened for object with type Alien
2024-07-01T13:18:13.439+01:00  WARN 18604 --- [           main] c.w.v.c.s.a.WeightIncreaseEntityListener : Weight Gain service has been disabled
2024-07-01T13:18:13.440+01:00  INFO 18604 --- [           main] c.w.v.cucumber.space.alien.AlienService  : An alien has been created! Alien(id=68, type=Smurf, fullName=Harriet, weight=52, runSpeed=0, height=17)
2024-07-01T13:18:13.596+01:00  INFO 18604 --- [           main] c.w.v.c.s.a.WeightIncreaseEntityListener : Listened for object with type Alien
2024-07-01T13:18:13.596+01:00  WARN 18604 --- [           main] c.w.v.c.s.a.WeightIncreaseEntityListener : Weight Gain service has been disabled
2024-07-01T13:18:13.598+01:00  INFO 18604 --- [           main] c.w.v.cucumber.space.alien.AlienService  : An alien has been created! Alien(id=69, type=Smurf, fullName=Harriet, weight=97, runSpeed=0, height=36)
2024-07-01T13:18:13.754+01:00  INFO 18604 --- [           main] c.w.v.c.s.a.WeightIncreaseEntityListener : Listened for object with type Alien
2024-07-01T13:18:13.754+01:00  WARN 18604 --- [           main] c.w.v.c.s.a.WeightIncreaseEntityListener : Weight Gain service has been disabled
2024-07-01T13:18:13.755+01:00  INFO 18604 --- [           main] c.w.v.cucumber.space.alien.AlienService  : An alien has been created! Alien(id=70, type=Smurf, fullName=Harriet, weight=99, runSpeed=0, height=16)
2024-07-01T13:18:13.913+01:00  INFO 18604 --- [           main] c.w.v.c.s.a.WeightIncreaseEntityListener : Listened for object with type Alien
2024-07-01T13:18:13.914+01:00  WARN 18604 --- [           main] c.w.v.c.s.a.WeightIncreaseEntityListener : Weight Gain service has been disabled
2024-07-01T13:18:13.915+01:00  INFO 18604 --- [           main] c.w.v.cucumber.space.alien.AlienService  : An alien has been created! Alien(id=71, type=Smurf, fullName=Harriet, weight=79, runSpeed=0, height=70)
2024-07-01T13:18:14.068+01:00  INFO 18604 --- [           main] c.w.v.c.s.a.WeightIncreaseEntityListener : Listened for object with type Alien
2024-07-01T13:18:14.068+01:00  WARN 18604 --- [           main] c.w.v.c.s.a.WeightIncreaseEntityListener : Weight Gain service has been disabled
2024-07-01T13:18:14.069+01:00  INFO 18604 --- [           main] c.w.v.cucumber.space.alien.AlienService  : An alien has been created! Alien(id=72, type=Smurf, fullName=Harriet, weight=1, runSpeed=0, height=69)
2024-07-01T13:18:14.227+01:00  INFO 18604 --- [           main] c.w.v.c.s.a.WeightIncreaseEntityListener : Listened for object with type Alien
2024-07-01T13:18:14.227+01:00  WARN 18604 --- [           main] c.w.v.c.s.a.WeightIncreaseEntityListener : Weight Gain service has been disabled
2024-07-01T13:18:14.227+01:00  INFO 18604 --- [           main] c.w.v.cucumber.space.alien.AlienService  : An alien has been created! Alien(id=73, type=Smurf, fullName=Harriet, weight=53, runSpeed=0, height=61)
2024-07-01T13:18:14.381+01:00  INFO 18604 --- [           main] c.w.v.c.s.a.WeightIncreaseEntityListener : Listened for object with type Alien
2024-07-01T13:18:14.381+01:00  WARN 18604 --- [           main] c.w.v.c.s.a.WeightIncreaseEntityListener : Weight Gain service has been disabled
2024-07-01T13:18:14.383+01:00  INFO 18604 --- [           main] c.w.v.cucumber.space.alien.AlienService  : An alien has been created! Alien(id=74, type=Smurf, fullName=Harriet, weight=69, runSpeed=0, height=11)
2024-07-01T13:18:14.539+01:00  INFO 18604 --- [           main] c.w.v.c.s.a.WeightIncreaseEntityListener : Listened for object with type Alien
2024-07-01T13:18:14.539+01:00  WARN 18604 --- [           main] c.w.v.c.s.a.WeightIncreaseEntityListener : Weight Gain service has been disabled
2024-07-01T13:18:14.540+01:00  INFO 18604 --- [           main] c.w.v.cucumber.space.alien.AlienService  : An alien has been created! Alien(id=75, type=Smurf, fullName=Harriet, weight=16, runSpeed=0, height=62)
2024-07-01T13:18:14.697+01:00  INFO 18604 --- [           main] c.w.v.c.s.a.WeightIncreaseEntityListener : Listened for object with type Alien
2024-07-01T13:18:14.697+01:00  WARN 18604 --- [           main] c.w.v.c.s.a.WeightIncreaseEntityListener : Weight Gain service has been disabled
2024-07-01T13:18:14.699+01:00  INFO 18604 --- [           main] c.w.v.cucumber.space.alien.AlienService  : An alien has been created! Alien(id=76, type=Smurf, fullName=Harriet, weight=23, runSpeed=0, height=79)
2024-07-01T13:18:14.856+01:00  INFO 18604 --- [           main] c.w.v.c.s.a.WeightIncreaseEntityListener : Listened for object with type Alien
2024-07-01T13:18:14.856+01:00  WARN 18604 --- [           main] c.w.v.c.s.a.WeightIncreaseEntityListener : Weight Gain service has been disabled
2024-07-01T13:18:14.858+01:00  INFO 18604 --- [           main] c.w.v.cucumber.space.alien.AlienService  : An alien has been created! Alien(id=77, type=Smurf, fullName=Harriet, weight=52, runSpeed=0, height=80)
2024-07-01T13:18:15.012+01:00  INFO 18604 --- [           main] c.w.v.c.s.a.WeightIncreaseEntityListener : Listened for object with type Alien
2024-07-01T13:18:15.013+01:00  WARN 18604 --- [           main] c.w.v.c.s.a.WeightIncreaseEntityListener : Weight Gain service has been disabled
2024-07-01T13:18:15.014+01:00  INFO 18604 --- [           main] c.w.v.cucumber.space.alien.AlienService  : An alien has been created! Alien(id=78, type=Smurf, fullName=Harriet, weight=17, runSpeed=0, height=82)
2024-07-01T13:18:15.170+01:00  INFO 18604 --- [           main] c.w.v.c.s.a.WeightIncreaseEntityListener : Listened for object with type Alien
2024-07-01T13:18:15.170+01:00  WARN 18604 --- [           main] c.w.v.c.s.a.WeightIncreaseEntityListener : Weight Gain service has been disabled
2024-07-01T13:18:15.171+01:00  INFO 18604 --- [           main] c.w.v.cucumber.space.alien.AlienService  : An alien has been created! Alien(id=79, type=Smurf, fullName=Harriet, weight=18, runSpeed=0, height=22)
2024-07-01T13:18:15.327+01:00  INFO 18604 --- [           main] c.w.v.c.s.a.WeightIncreaseEntityListener : Listened for object with type Alien
2024-07-01T13:18:15.327+01:00  WARN 18604 --- [           main] c.w.v.c.s.a.WeightIncreaseEntityListener : Weight Gain service has been disabled
2024-07-01T13:18:15.328+01:00  INFO 18604 --- [           main] c.w.v.cucumber.space.alien.AlienService  : An alien has been created! Alien(id=80, type=Smurf, fullName=Harriet, weight=25, runSpeed=0, height=36)
2024-07-01T13:18:15.484+01:00  INFO 18604 --- [           main] c.w.v.c.s.a.WeightIncreaseEntityListener : Listened for object with type Alien
2024-07-01T13:18:15.484+01:00  WARN 18604 --- [           main] c.w.v.c.s.a.WeightIncreaseEntityListener : Weight Gain service has been disabled
2024-07-01T13:18:15.485+01:00  INFO 18604 --- [           main] c.w.v.cucumber.space.alien.AlienService  : An alien has been created! Alien(id=81, type=Smurf, fullName=Harriet, weight=20, runSpeed=0, height=41)
2024-07-01T13:18:15.641+01:00  INFO 18604 --- [           main] c.w.v.c.s.a.WeightIncreaseEntityListener : Listened for object with type Alien
2024-07-01T13:18:15.641+01:00  WARN 18604 --- [           main] c.w.v.c.s.a.WeightIncreaseEntityListener : Weight Gain service has been disabled
2024-07-01T13:18:15.643+01:00  INFO 18604 --- [           main] c.w.v.cucumber.space.alien.AlienService  : An alien has been created! Alien(id=82, type=Smurf, fullName=Harriet, weight=7, runSpeed=0, height=22)
2024-07-01T13:18:15.795+01:00  INFO 18604 --- [           main] c.w.v.c.s.a.WeightIncreaseEntityListener : Listened for object with type Alien
2024-07-01T13:18:15.795+01:00  WARN 18604 --- [           main] c.w.v.c.s.a.WeightIncreaseEntityListener : Weight Gain service has been disabled
2024-07-01T13:18:15.796+01:00  INFO 18604 --- [           main] c.w.v.cucumber.space.alien.AlienService  : An alien has been created! Alien(id=83, type=Smurf, fullName=Harriet, weight=38, runSpeed=0, height=87)
2024-07-01T13:18:15.952+01:00  INFO 18604 --- [           main] c.w.v.c.s.a.WeightIncreaseEntityListener : Listened for object with type Alien
2024-07-01T13:18:15.952+01:00  WARN 18604 --- [           main] c.w.v.c.s.a.WeightIncreaseEntityListener : Weight Gain service has been disabled
2024-07-01T13:18:15.953+01:00  INFO 18604 --- [           main] c.w.v.cucumber.space.alien.AlienService  : An alien has been created! Alien(id=84, type=Smurf, fullName=Harriet, weight=83, runSpeed=0, height=53)
2024-07-01T13:18:16.107+01:00  INFO 18604 --- [           main] c.w.v.c.s.a.WeightIncreaseEntityListener : Listened for object with type Alien
2024-07-01T13:18:16.107+01:00  WARN 18604 --- [           main] c.w.v.c.s.a.WeightIncreaseEntityListener : Weight Gain service has been disabled
2024-07-01T13:18:16.109+01:00  INFO 18604 --- [           main] c.w.v.cucumber.space.alien.AlienService  : An alien has been created! Alien(id=85, type=Smurf, fullName=Harriet, weight=88, runSpeed=0, height=20)
2024-07-01T13:18:16.264+01:00  INFO 18604 --- [           main] c.w.v.c.s.a.WeightIncreaseEntityListener : Listened for object with type Alien
2024-07-01T13:18:16.264+01:00  WARN 18604 --- [           main] c.w.v.c.s.a.WeightIncreaseEntityListener : Weight Gain service has been disabled
2024-07-01T13:18:16.265+01:00  INFO 18604 --- [           main] c.w.v.cucumber.space.alien.AlienService  : An alien has been created! Alien(id=86, type=Smurf, fullName=Harriet, weight=91, runSpeed=0, height=96)
2024-07-01T13:18:16.423+01:00  INFO 18604 --- [           main] c.w.v.c.s.a.WeightIncreaseEntityListener : Listened for object with type Alien
2024-07-01T13:18:16.423+01:00  WARN 18604 --- [           main] c.w.v.c.s.a.WeightIncreaseEntityListener : Weight Gain service has been disabled
2024-07-01T13:18:16.424+01:00  INFO 18604 --- [           main] c.w.v.cucumber.space.alien.AlienService  : An alien has been created! Alien(id=87, type=Smurf, fullName=Harriet, weight=54, runSpeed=0, height=76)
2024-07-01T13:18:16.581+01:00  INFO 18604 --- [           main] c.w.v.c.s.a.WeightIncreaseEntityListener : Listened for object with type Alien
2024-07-01T13:18:16.581+01:00  WARN 18604 --- [           main] c.w.v.c.s.a.WeightIncreaseEntityListener : Weight Gain service has been disabled
2024-07-01T13:18:16.582+01:00  INFO 18604 --- [           main] c.w.v.cucumber.space.alien.AlienService  : An alien has been created! Alien(id=88, type=Smurf, fullName=Harriet, weight=7, runSpeed=0, height=43)
2024-07-01T13:18:16.740+01:00  INFO 18604 --- [           main] c.w.v.c.s.a.WeightIncreaseEntityListener : Listened for object with type Alien
2024-07-01T13:18:16.740+01:00  WARN 18604 --- [           main] c.w.v.c.s.a.WeightIncreaseEntityListener : Weight Gain service has been disabled
2024-07-01T13:18:16.741+01:00  INFO 18604 --- [           main] c.w.v.cucumber.space.alien.AlienService  : An alien has been created! Alien(id=89, type=Smurf, fullName=Harriet, weight=22, runSpeed=0, height=83)
2024-07-01T13:18:16.899+01:00  INFO 18604 --- [           main] c.w.v.c.s.a.WeightIncreaseEntityListener : Listened for object with type Alien
2024-07-01T13:18:16.899+01:00  WARN 18604 --- [           main] c.w.v.c.s.a.WeightIncreaseEntityListener : Weight Gain service has been disabled
2024-07-01T13:18:16.901+01:00  INFO 18604 --- [           main] c.w.v.cucumber.space.alien.AlienService  : An alien has been created! Alien(id=90, type=Smurf, fullName=Harriet, weight=91, runSpeed=0, height=58)
2024-07-01T13:18:17.054+01:00  INFO 18604 --- [           main] c.w.v.c.s.a.WeightIncreaseEntityListener : Listened for object with type Alien
2024-07-01T13:18:17.054+01:00  WARN 18604 --- [           main] c.w.v.c.s.a.WeightIncreaseEntityListener : Weight Gain service has been disabled
2024-07-01T13:18:17.055+01:00  INFO 18604 --- [           main] c.w.v.cucumber.space.alien.AlienService  : An alien has been created! Alien(id=91, type=Smurf, fullName=Harriet, weight=42, runSpeed=0, height=91)
2024-07-01T13:18:17.212+01:00  INFO 18604 --- [           main] c.w.v.c.s.a.WeightIncreaseEntityListener : Listened for object with type Alien
2024-07-01T13:18:17.212+01:00  WARN 18604 --- [           main] c.w.v.c.s.a.WeightIncreaseEntityListener : Weight Gain service has been disabled
2024-07-01T13:18:17.213+01:00  INFO 18604 --- [           main] c.w.v.cucumber.space.alien.AlienService  : An alien has been created! Alien(id=92, type=Smurf, fullName=Harriet, weight=50, runSpeed=0, height=53)
2024-07-01T13:18:17.373+01:00  INFO 18604 --- [           main] c.w.v.c.s.a.WeightIncreaseEntityListener : Listened for object with type Alien
2024-07-01T13:18:17.373+01:00  WARN 18604 --- [           main] c.w.v.c.s.a.WeightIncreaseEntityListener : Weight Gain service has been disabled
2024-07-01T13:18:17.374+01:00  INFO 18604 --- [           main] c.w.v.cucumber.space.alien.AlienService  : An alien has been created! Alien(id=93, type=Smurf, fullName=Harriet, weight=78, runSpeed=0, height=56)
2024-07-01T13:18:17.531+01:00  INFO 18604 --- [           main] c.w.v.c.s.a.WeightIncreaseEntityListener : Listened for object with type Alien
2024-07-01T13:18:17.531+01:00  WARN 18604 --- [           main] c.w.v.c.s.a.WeightIncreaseEntityListener : Weight Gain service has been disabled
2024-07-01T13:18:17.532+01:00  INFO 18604 --- [           main] c.w.v.cucumber.space.alien.AlienService  : An alien has been created! Alien(id=94, type=Smurf, fullName=Harriet, weight=70, runSpeed=0, height=46)
2024-07-01T13:18:17.688+01:00  INFO 18604 --- [           main] c.w.v.c.s.a.WeightIncreaseEntityListener : Listened for object with type Alien
2024-07-01T13:18:17.688+01:00  WARN 18604 --- [           main] c.w.v.c.s.a.WeightIncreaseEntityListener : Weight Gain service has been disabled
2024-07-01T13:18:17.689+01:00  INFO 18604 --- [           main] c.w.v.cucumber.space.alien.AlienService  : An alien has been created! Alien(id=95, type=Smurf, fullName=Harriet, weight=52, runSpeed=0, height=35)
2024-07-01T13:18:17.845+01:00  INFO 18604 --- [           main] c.w.v.c.s.a.WeightIncreaseEntityListener : Listened for object with type Alien
2024-07-01T13:18:17.845+01:00  WARN 18604 --- [           main] c.w.v.c.s.a.WeightIncreaseEntityListener : Weight Gain service has been disabled
2024-07-01T13:18:17.846+01:00  INFO 18604 --- [           main] c.w.v.cucumber.space.alien.AlienService  : An alien has been created! Alien(id=96, type=Smurf, fullName=Harriet, weight=78, runSpeed=0, height=8)
2024-07-01T13:18:17.999+01:00  INFO 18604 --- [           main] c.w.v.c.s.a.WeightIncreaseEntityListener : Listened for object with type Alien
2024-07-01T13:18:17.999+01:00  WARN 18604 --- [           main] c.w.v.c.s.a.WeightIncreaseEntityListener : Weight Gain service has been disabled
2024-07-01T13:18:18.000+01:00  INFO 18604 --- [           main] c.w.v.cucumber.space.alien.AlienService  : An alien has been created! Alien(id=97, type=Smurf, fullName=Harriet, weight=63, runSpeed=0, height=34)
2024-07-01T13:18:18.157+01:00  INFO 18604 --- [           main] c.w.v.c.s.a.WeightIncreaseEntityListener : Listened for object with type Alien
2024-07-01T13:18:18.157+01:00  WARN 18604 --- [           main] c.w.v.c.s.a.WeightIncreaseEntityListener : Weight Gain service has been disabled
2024-07-01T13:18:18.158+01:00  INFO 18604 --- [           main] c.w.v.cucumber.space.alien.AlienService  : An alien has been created! Alien(id=98, type=Smurf, fullName=Harriet, weight=83, runSpeed=0, height=41)
2024-07-01T13:18:18.314+01:00  INFO 18604 --- [           main] c.w.v.c.s.a.WeightIncreaseEntityListener : Listened for object with type Alien
2024-07-01T13:18:18.314+01:00  WARN 18604 --- [           main] c.w.v.c.s.a.WeightIncreaseEntityListener : Weight Gain service has been disabled
2024-07-01T13:18:18.315+01:00  INFO 18604 --- [           main] c.w.v.cucumber.space.alien.AlienService  : An alien has been created! Alien(id=99, type=Smurf, fullName=Harriet, weight=31, runSpeed=0, height=7)
2024-07-01T13:18:18.472+01:00  INFO 18604 --- [           main] c.w.v.c.s.a.WeightIncreaseEntityListener : Listened for object with type Alien
2024-07-01T13:18:18.472+01:00  WARN 18604 --- [           main] c.w.v.c.s.a.WeightIncreaseEntityListener : Weight Gain service has been disabled
2024-07-01T13:18:18.473+01:00  INFO 18604 --- [           main] c.w.v.cucumber.space.alien.AlienService  : An alien has been created! Alien(id=100, type=Smurf, fullName=Harriet, weight=79, runSpeed=0, height=7)
2024-07-01T13:18:18.628+01:00  INFO 18604 --- [           main] c.w.v.c.s.a.WeightIncreaseEntityListener : Listened for object with type Alien
2024-07-01T13:18:18.628+01:00  WARN 18604 --- [           main] c.w.v.c.s.a.WeightIncreaseEntityListener : Weight Gain service has been disabled
2024-07-01T13:18:18.629+01:00  INFO 18604 --- [           main] c.w.v.cucumber.space.alien.AlienService  : An alien has been created! Alien(id=101, type=Smurf, fullName=Harriet, weight=5, runSpeed=0, height=46)
2024-07-01T13:18:18.783+01:00  INFO 18604 --- [           main] c.w.v.c.s.a.WeightIncreaseEntityListener : Listened for object with type Alien
2024-07-01T13:18:18.783+01:00  WARN 18604 --- [           main] c.w.v.c.s.a.WeightIncreaseEntityListener : Weight Gain service has been disabled
2024-07-01T13:18:18.784+01:00  INFO 18604 --- [           main] c.w.v.cucumber.space.alien.AlienService  : An alien has been created! Alien(id=102, type=Smurf, fullName=Harriet, weight=77, runSpeed=0, height=43)
2024-07-01T13:18:18.942+01:00  INFO 18604 --- [           main] c.w.v.c.s.a.WeightIncreaseEntityListener : Listened for object with type Alien
2024-07-01T13:18:18.942+01:00  WARN 18604 --- [           main] c.w.v.c.s.a.WeightIncreaseEntityListener : Weight Gain service has been disabled
2024-07-01T13:18:18.943+01:00  INFO 18604 --- [           main] c.w.v.cucumber.space.alien.AlienService  : An alien has been created! Alien(id=103, type=Smurf, fullName=Harriet, weight=56, runSpeed=0, height=82)
2024-07-01T13:18:19.100+01:00  INFO 18604 --- [           main] c.w.v.c.s.a.WeightIncreaseEntityListener : Listened for object with type Alien
2024-07-01T13:18:19.100+01:00  WARN 18604 --- [           main] c.w.v.c.s.a.WeightIncreaseEntityListener : Weight Gain service has been disabled
2024-07-01T13:18:19.102+01:00  INFO 18604 --- [           main] c.w.v.cucumber.space.alien.AlienService  : An alien has been created! Alien(id=104, type=Smurf, fullName=Harriet, weight=80, runSpeed=0, height=94)
2024-07-01T13:18:19.257+01:00  INFO 18604 --- [           main] c.w.v.c.s.a.WeightIncreaseEntityListener : Listened for object with type Alien
2024-07-01T13:18:19.257+01:00  WARN 18604 --- [           main] c.w.v.c.s.a.WeightIncreaseEntityListener : Weight Gain service has been disabled
2024-07-01T13:18:19.258+01:00  INFO 18604 --- [           main] c.w.v.cucumber.space.alien.AlienService  : An alien has been created! Alien(id=105, type=Smurf, fullName=Harriet, weight=70, runSpeed=0, height=45)
2024-07-01T13:18:19.417+01:00  INFO 18604 --- [           main] c.w.v.c.s.a.WeightIncreaseEntityListener : Listened for object with type Alien
2024-07-01T13:18:19.417+01:00  WARN 18604 --- [           main] c.w.v.c.s.a.WeightIncreaseEntityListener : Weight Gain service has been disabled
2024-07-01T13:18:19.418+01:00  INFO 18604 --- [           main] c.w.v.cucumber.space.alien.AlienService  : An alien has been created! Alien(id=106, type=Smurf, fullName=Harriet, weight=78, runSpeed=0, height=85)
2024-07-01T13:18:19.574+01:00  INFO 18604 --- [           main] c.w.v.c.s.a.WeightIncreaseEntityListener : Listened for object with type Alien
2024-07-01T13:18:19.575+01:00  WARN 18604 --- [           main] c.w.v.c.s.a.WeightIncreaseEntityListener : Weight Gain service has been disabled
2024-07-01T13:18:19.576+01:00  INFO 18604 --- [           main] c.w.v.cucumber.space.alien.AlienService  : An alien has been created! Alien(id=107, type=Smurf, fullName=Harriet, weight=10, runSpeed=0, height=4)
2024-07-01T13:18:19.732+01:00  INFO 18604 --- [           main] c.w.v.c.s.a.WeightIncreaseEntityListener : Listened for object with type Alien
2024-07-01T13:18:19.732+01:00  WARN 18604 --- [           main] c.w.v.c.s.a.WeightIncreaseEntityListener : Weight Gain service has been disabled
2024-07-01T13:18:19.733+01:00  INFO 18604 --- [           main] c.w.v.cucumber.space.alien.AlienService  : An alien has been created! Alien(id=108, type=Smurf, fullName=Harriet, weight=95, runSpeed=0, height=4)
2024-07-01T13:18:19.889+01:00  INFO 18604 --- [           main] c.w.v.c.s.a.WeightIncreaseEntityListener : Listened for object with type Alien
2024-07-01T13:18:19.889+01:00  WARN 18604 --- [           main] c.w.v.c.s.a.WeightIncreaseEntityListener : Weight Gain service has been disabled
2024-07-01T13:18:19.890+01:00  INFO 18604 --- [           main] c.w.v.cucumber.space.alien.AlienService  : An alien has been created! Alien(id=109, type=Smurf, fullName=Harriet, weight=71, runSpeed=0, height=27)
2024-07-01T13:18:20.047+01:00  INFO 18604 --- [           main] c.w.v.c.s.a.WeightIncreaseEntityListener : Listened for object with type Alien
2024-07-01T13:18:20.047+01:00  WARN 18604 --- [           main] c.w.v.c.s.a.WeightIncreaseEntityListener : Weight Gain service has been disabled
2024-07-01T13:18:20.048+01:00  INFO 18604 --- [           main] c.w.v.cucumber.space.alien.AlienService  : An alien has been created! Alien(id=110, type=Smurf, fullName=Harriet, weight=47, runSpeed=0, height=21)
  &amp#27;[32mWhen &amp#27;[0m&amp#27;[32mCreate &amp#27;[0m&amp#27;[32m&amp#27;[1m50&amp#27;[0m&amp#27;[32m alien with name &amp#27;[0m&amp#27;[32m&amp#27;[1m"Harriet"&amp#27;[0m&amp#27;[32m and type &amp#27;[0m&amp#27;[32m&amp#27;[1m"Smurf"&amp#27;[0m &amp#27;[90m# code.with.vanilson.cucumber.glue.CucumberAlienSteps.whenClientCalls(int,java.lang.String,java.lang.String)&amp#27;[0m
  &amp#27;[32mThen &amp#27;[0m&amp#27;[32mTotal number of aliens should be &amp#27;[0m&amp#27;[32m&amp#27;[1m100&amp#27;[0m                 &amp#27;[90m# code.with.vanilson.cucumber.glue.CucumberAlienSteps.thenStatusCodee(int)&amp#27;[0m
]]></system-out>
  </testcase>
  <testcase name="Create 100 Wookies" classname="Create Smurf aliens" time="15.816">
    <system-out><![CDATA[2024-07-01T13:18:20.063+01:00  INFO 18604 --- [           main] t.c.s.AnnotationConfigContextLoaderUtils : Could not detect default configuration classes for test class [code.with.vanilson.cucumber.config.CucumberSpringConfiguration]: CucumberSpringConfiguration does not declare any static, non-private, non-final, nested classes annotated with @Configuration.
2024-07-01T13:18:20.065+01:00  INFO 18604 --- [           main] .b.t.c.SpringBootTestContextBootstrapper : Found @SpringBootConfiguration code.with.vanilson.cucumber.DemoCucumberApplication for test class code.with.vanilson.cucumber.config.CucumberSpringConfiguration

Scenario: Create 100 Wookies                               &amp#27;[90m# features/alien/AlienTest.feature:10&amp#27;[0m
2024-07-01T13:18:20.079+01:00  INFO 18604 --- [           main] c.w.v.cucumber.space.alien.AlienService  : Delete all aliens
  &amp#27;[32mGiven &amp#27;[0m&amp#27;[32mNo aliens exists&amp#27;[0m                                   &amp#27;[90m# code.with.vanilson.cucumber.glue.CucumberAlienSteps.noAliens()&amp#27;[0m
2024-07-01T13:18:20.284+01:00  INFO 18604 --- [           main] c.w.v.c.s.a.WeightIncreaseEntityListener : Listened for object with type Alien
2024-07-01T13:18:20.284+01:00  WARN 18604 --- [           main] c.w.v.c.s.a.WeightIncreaseEntityListener : Weight Gain service has been disabled
2024-07-01T13:18:20.286+01:00  INFO 18604 --- [           main] c.w.v.cucumber.space.alien.AlienService  : An alien has been created! Alien(id=111, type=Wookie, fullName=Brian, weight=78, runSpeed=0, height=48)
2024-07-01T13:18:20.441+01:00  INFO 18604 --- [           main] c.w.v.c.s.a.WeightIncreaseEntityListener : Listened for object with type Alien
2024-07-01T13:18:20.441+01:00  WARN 18604 --- [           main] c.w.v.c.s.a.WeightIncreaseEntityListener : Weight Gain service has been disabled
2024-07-01T13:18:20.442+01:00  INFO 18604 --- [           main] c.w.v.cucumber.space.alien.AlienService  : An alien has been created! Alien(id=112, type=Wookie, fullName=Brian, weight=86, runSpeed=0, height=71)
2024-07-01T13:18:20.599+01:00  INFO 18604 --- [           main] c.w.v.c.s.a.WeightIncreaseEntityListener : Listened for object with type Alien
2024-07-01T13:18:20.599+01:00  WARN 18604 --- [           main] c.w.v.c.s.a.WeightIncreaseEntityListener : Weight Gain service has been disabled
2024-07-01T13:18:20.600+01:00  INFO 18604 --- [           main] c.w.v.cucumber.space.alien.AlienService  : An alien has been created! Alien(id=113, type=Wookie, fullName=Brian, weight=2, runSpeed=0, height=1)
2024-07-01T13:18:20.759+01:00  INFO 18604 --- [           main] c.w.v.c.s.a.WeightIncreaseEntityListener : Listened for object with type Alien
2024-07-01T13:18:20.759+01:00  WARN 18604 --- [           main] c.w.v.c.s.a.WeightIncreaseEntityListener : Weight Gain service has been disabled
2024-07-01T13:18:20.760+01:00  INFO 18604 --- [           main] c.w.v.cucumber.space.alien.AlienService  : An alien has been created! Alien(id=114, type=Wookie, fullName=Brian, weight=17, runSpeed=0, height=60)
2024-07-01T13:18:20.913+01:00  INFO 18604 --- [           main] c.w.v.c.s.a.WeightIncreaseEntityListener : Listened for object with type Alien
2024-07-01T13:18:20.913+01:00  WARN 18604 --- [           main] c.w.v.c.s.a.WeightIncreaseEntityListener : Weight Gain service has been disabled
2024-07-01T13:18:20.915+01:00  INFO 18604 --- [           main] c.w.v.cucumber.space.alien.AlienService  : An alien has been created! Alien(id=115, type=Wookie, fullName=Brian, weight=21, runSpeed=0, height=7)
2024-07-01T13:18:21.072+01:00  INFO 18604 --- [           main] c.w.v.c.s.a.WeightIncreaseEntityListener : Listened for object with type Alien
2024-07-01T13:18:21.072+01:00  WARN 18604 --- [           main] c.w.v.c.s.a.WeightIncreaseEntityListener : Weight Gain service has been disabled
2024-07-01T13:18:21.073+01:00  INFO 18604 --- [           main] c.w.v.cucumber.space.alien.AlienService  : An alien has been created! Alien(id=116, type=Wookie, fullName=Brian, weight=83, runSpeed=0, height=52)
2024-07-01T13:18:21.229+01:00  INFO 18604 --- [           main] c.w.v.c.s.a.WeightIncreaseEntityListener : Listened for object with type Alien
2024-07-01T13:18:21.229+01:00  WARN 18604 --- [           main] c.w.v.c.s.a.WeightIncreaseEntityListener : Weight Gain service has been disabled
2024-07-01T13:18:21.230+01:00  INFO 18604 --- [           main] c.w.v.cucumber.space.alien.AlienService  : An alien has been created! Alien(id=117, type=Wookie, fullName=Brian, weight=49, runSpeed=0, height=22)
2024-07-01T13:18:21.387+01:00  INFO 18604 --- [           main] c.w.v.c.s.a.WeightIncreaseEntityListener : Listened for object with type Alien
2024-07-01T13:18:21.387+01:00  WARN 18604 --- [           main] c.w.v.c.s.a.WeightIncreaseEntityListener : Weight Gain service has been disabled
2024-07-01T13:18:21.388+01:00  INFO 18604 --- [           main] c.w.v.cucumber.space.alien.AlienService  : An alien has been created! Alien(id=118, type=Wookie, fullName=Brian, weight=16, runSpeed=0, height=66)
2024-07-01T13:18:21.542+01:00  INFO 18604 --- [           main] c.w.v.c.s.a.WeightIncreaseEntityListener : Listened for object with type Alien
2024-07-01T13:18:21.542+01:00  WARN 18604 --- [           main] c.w.v.c.s.a.WeightIncreaseEntityListener : Weight Gain service has been disabled
2024-07-01T13:18:21.544+01:00  INFO 18604 --- [           main] c.w.v.cucumber.space.alien.AlienService  : An alien has been created! Alien(id=119, type=Wookie, fullName=Brian, weight=96, runSpeed=0, height=90)
2024-07-01T13:18:21.702+01:00  INFO 18604 --- [           main] c.w.v.c.s.a.WeightIncreaseEntityListener : Listened for object with type Alien
2024-07-01T13:18:21.702+01:00  WARN 18604 --- [           main] c.w.v.c.s.a.WeightIncreaseEntityListener : Weight Gain service has been disabled
2024-07-01T13:18:21.703+01:00  INFO 18604 --- [           main] c.w.v.cucumber.space.alien.AlienService  : An alien has been created! Alien(id=120, type=Wookie, fullName=Brian, weight=60, runSpeed=0, height=3)
2024-07-01T13:18:21.860+01:00  INFO 18604 --- [           main] c.w.v.c.s.a.WeightIncreaseEntityListener : Listened for object with type Alien
2024-07-01T13:18:21.860+01:00  WARN 18604 --- [           main] c.w.v.c.s.a.WeightIncreaseEntityListener : Weight Gain service has been disabled
2024-07-01T13:18:21.861+01:00  INFO 18604 --- [           main] c.w.v.cucumber.space.alien.AlienService  : An alien has been created! Alien(id=121, type=Wookie, fullName=Brian, weight=57, runSpeed=0, height=77)
2024-07-01T13:18:22.015+01:00  INFO 18604 --- [           main] c.w.v.c.s.a.WeightIncreaseEntityListener : Listened for object with type Alien
2024-07-01T13:18:22.015+01:00  WARN 18604 --- [           main] c.w.v.c.s.a.WeightIncreaseEntityListener : Weight Gain service has been disabled
2024-07-01T13:18:22.016+01:00  INFO 18604 --- [           main] c.w.v.cucumber.space.alien.AlienService  : An alien has been created! Alien(id=122, type=Wookie, fullName=Brian, weight=99, runSpeed=0, height=21)
2024-07-01T13:18:22.173+01:00  INFO 18604 --- [           main] c.w.v.c.s.a.WeightIncreaseEntityListener : Listened for object with type Alien
2024-07-01T13:18:22.173+01:00  WARN 18604 --- [           main] c.w.v.c.s.a.WeightIncreaseEntityListener : Weight Gain service has been disabled
2024-07-01T13:18:22.175+01:00  INFO 18604 --- [           main] c.w.v.cucumber.space.alien.AlienService  : An alien has been created! Alien(id=123, type=Wookie, fullName=Brian, weight=7, runSpeed=0, height=20)
2024-07-01T13:18:22.331+01:00  INFO 18604 --- [           main] c.w.v.c.s.a.WeightIncreaseEntityListener : Listened for object with type Alien
2024-07-01T13:18:22.331+01:00  WARN 18604 --- [           main] c.w.v.c.s.a.WeightIncreaseEntityListener : Weight Gain service has been disabled
2024-07-01T13:18:22.332+01:00  INFO 18604 --- [           main] c.w.v.cucumber.space.alien.AlienService  : An alien has been created! Alien(id=124, type=Wookie, fullName=Brian, weight=73, runSpeed=0, height=89)
2024-07-01T13:18:22.488+01:00  INFO 18604 --- [           main] c.w.v.c.s.a.WeightIncreaseEntityListener : Listened for object with type Alien
2024-07-01T13:18:22.488+01:00  WARN 18604 --- [           main] c.w.v.c.s.a.WeightIncreaseEntityListener : Weight Gain service has been disabled
2024-07-01T13:18:22.489+01:00  INFO 18604 --- [           main] c.w.v.cucumber.space.alien.AlienService  : An alien has been created! Alien(id=125, type=Wookie, fullName=Brian, weight=91, runSpeed=0, height=31)
2024-07-01T13:18:22.646+01:00  INFO 18604 --- [           main] c.w.v.c.s.a.WeightIncreaseEntityListener : Listened for object with type Alien
2024-07-01T13:18:22.646+01:00  WARN 18604 --- [           main] c.w.v.c.s.a.WeightIncreaseEntityListener : Weight Gain service has been disabled
2024-07-01T13:18:22.647+01:00  INFO 18604 --- [           main] c.w.v.cucumber.space.alien.AlienService  : An alien has been created! Alien(id=126, type=Wookie, fullName=Brian, weight=75, runSpeed=0, height=64)
2024-07-01T13:18:22.804+01:00  INFO 18604 --- [           main] c.w.v.c.s.a.WeightIncreaseEntityListener : Listened for object with type Alien
2024-07-01T13:18:22.804+01:00  WARN 18604 --- [           main] c.w.v.c.s.a.WeightIncreaseEntityListener : Weight Gain service has been disabled
2024-07-01T13:18:22.805+01:00  INFO 18604 --- [           main] c.w.v.cucumber.space.alien.AlienService  : An alien has been created! Alien(id=127, type=Wookie, fullName=Brian, weight=96, runSpeed=0, height=87)
2024-07-01T13:18:22.960+01:00  INFO 18604 --- [           main] c.w.v.c.s.a.WeightIncreaseEntityListener : Listened for object with type Alien
2024-07-01T13:18:22.960+01:00  WARN 18604 --- [           main] c.w.v.c.s.a.WeightIncreaseEntityListener : Weight Gain service has been disabled
2024-07-01T13:18:22.961+01:00  INFO 18604 --- [           main] c.w.v.cucumber.space.alien.AlienService  : An alien has been created! Alien(id=128, type=Wookie, fullName=Brian, weight=30, runSpeed=0, height=24)
2024-07-01T13:18:23.117+01:00  INFO 18604 --- [           main] c.w.v.c.s.a.WeightIncreaseEntityListener : Listened for object with type Alien
2024-07-01T13:18:23.117+01:00  WARN 18604 --- [           main] c.w.v.c.s.a.WeightIncreaseEntityListener : Weight Gain service has been disabled
2024-07-01T13:18:23.118+01:00  INFO 18604 --- [           main] c.w.v.cucumber.space.alien.AlienService  : An alien has been created! Alien(id=129, type=Wookie, fullName=Brian, weight=76, runSpeed=0, height=92)
2024-07-01T13:18:23.276+01:00  INFO 18604 --- [           main] c.w.v.c.s.a.WeightIncreaseEntityListener : Listened for object with type Alien
2024-07-01T13:18:23.276+01:00  WARN 18604 --- [           main] c.w.v.c.s.a.WeightIncreaseEntityListener : Weight Gain service has been disabled
2024-07-01T13:18:23.278+01:00  INFO 18604 --- [           main] c.w.v.cucumber.space.alien.AlienService  : An alien has been created! Alien(id=130, type=Wookie, fullName=Brian, weight=11, runSpeed=0, height=74)
2024-07-01T13:18:23.432+01:00  INFO 18604 --- [           main] c.w.v.c.s.a.WeightIncreaseEntityListener : Listened for object with type Alien
2024-07-01T13:18:23.432+01:00  WARN 18604 --- [           main] c.w.v.c.s.a.WeightIncreaseEntityListener : Weight Gain service has been disabled
2024-07-01T13:18:23.433+01:00  INFO 18604 --- [           main] c.w.v.cucumber.space.alien.AlienService  : An alien has been created! Alien(id=131, type=Wookie, fullName=Brian, weight=78, runSpeed=0, height=68)
2024-07-01T13:18:23.590+01:00  INFO 18604 --- [           main] c.w.v.c.s.a.WeightIncreaseEntityListener : Listened for object with type Alien
2024-07-01T13:18:23.590+01:00  WARN 18604 --- [           main] c.w.v.c.s.a.WeightIncreaseEntityListener : Weight Gain service has been disabled
2024-07-01T13:18:23.591+01:00  INFO 18604 --- [           main] c.w.v.cucumber.space.alien.AlienService  : An alien has been created! Alien(id=132, type=Wookie, fullName=Brian, weight=33, runSpeed=0, height=64)
2024-07-01T13:18:23.747+01:00  INFO 18604 --- [           main] c.w.v.c.s.a.WeightIncreaseEntityListener : Listened for object with type Alien
2024-07-01T13:18:23.748+01:00  WARN 18604 --- [           main] c.w.v.c.s.a.WeightIncreaseEntityListener : Weight Gain service has been disabled
2024-07-01T13:18:23.749+01:00  INFO 18604 --- [           main] c.w.v.cucumber.space.alien.AlienService  : An alien has been created! Alien(id=133, type=Wookie, fullName=Brian, weight=25, runSpeed=0, height=76)
2024-07-01T13:18:23.904+01:00  INFO 18604 --- [           main] c.w.v.c.s.a.WeightIncreaseEntityListener : Listened for object with type Alien
2024-07-01T13:18:23.904+01:00  WARN 18604 --- [           main] c.w.v.c.s.a.WeightIncreaseEntityListener : Weight Gain service has been disabled
2024-07-01T13:18:23.906+01:00  INFO 18604 --- [           main] c.w.v.cucumber.space.alien.AlienService  : An alien has been created! Alien(id=134, type=Wookie, fullName=Brian, weight=63, runSpeed=0, height=7)
2024-07-01T13:18:24.062+01:00  INFO 18604 --- [           main] c.w.v.c.s.a.WeightIncreaseEntityListener : Listened for object with type Alien
2024-07-01T13:18:24.062+01:00  WARN 18604 --- [           main] c.w.v.c.s.a.WeightIncreaseEntityListener : Weight Gain service has been disabled
2024-07-01T13:18:24.063+01:00  INFO 18604 --- [           main] c.w.v.cucumber.space.alien.AlienService  : An alien has been created! Alien(id=135, type=Wookie, fullName=Brian, weight=76, runSpeed=0, height=48)
2024-07-01T13:18:24.219+01:00  INFO 18604 --- [           main] c.w.v.c.s.a.WeightIncreaseEntityListener : Listened for object with type Alien
2024-07-01T13:18:24.219+01:00  WARN 18604 --- [           main] c.w.v.c.s.a.WeightIncreaseEntityListener : Weight Gain service has been disabled
2024-07-01T13:18:24.220+01:00  INFO 18604 --- [           main] c.w.v.cucumber.space.alien.AlienService  : An alien has been created! Alien(id=136, type=Wookie, fullName=Brian, weight=47, runSpeed=0, height=89)
2024-07-01T13:18:24.377+01:00  INFO 18604 --- [           main] c.w.v.c.s.a.WeightIncreaseEntityListener : Listened for object with type Alien
2024-07-01T13:18:24.377+01:00  WARN 18604 --- [           main] c.w.v.c.s.a.WeightIncreaseEntityListener : Weight Gain service has been disabled
2024-07-01T13:18:24.378+01:00  INFO 18604 --- [           main] c.w.v.cucumber.space.alien.AlienService  : An alien has been created! Alien(id=137, type=Wookie, fullName=Brian, weight=4, runSpeed=0, height=44)
2024-07-01T13:18:24.535+01:00  INFO 18604 --- [           main] c.w.v.c.s.a.WeightIncreaseEntityListener : Listened for object with type Alien
2024-07-01T13:18:24.535+01:00  WARN 18604 --- [           main] c.w.v.c.s.a.WeightIncreaseEntityListener : Weight Gain service has been disabled
2024-07-01T13:18:24.536+01:00  INFO 18604 --- [           main] c.w.v.cucumber.space.alien.AlienService  : An alien has been created! Alien(id=138, type=Wookie, fullName=Brian, weight=44, runSpeed=0, height=78)
2024-07-01T13:18:24.693+01:00  INFO 18604 --- [           main] c.w.v.c.s.a.WeightIncreaseEntityListener : Listened for object with type Alien
2024-07-01T13:18:24.693+01:00  WARN 18604 --- [           main] c.w.v.c.s.a.WeightIncreaseEntityListener : Weight Gain service has been disabled
2024-07-01T13:18:24.694+01:00  INFO 18604 --- [           main] c.w.v.cucumber.space.alien.AlienService  : An alien has been created! Alien(id=139, type=Wookie, fullName=Brian, weight=74, runSpeed=0, height=73)
2024-07-01T13:18:24.849+01:00  INFO 18604 --- [           main] c.w.v.c.s.a.WeightIncreaseEntityListener : Listened for object with type Alien
2024-07-01T13:18:24.849+01:00  WARN 18604 --- [           main] c.w.v.c.s.a.WeightIncreaseEntityListener : Weight Gain service has been disabled
2024-07-01T13:18:24.850+01:00  INFO 18604 --- [           main] c.w.v.cucumber.space.alien.AlienService  : An alien has been created! Alien(id=140, type=Wookie, fullName=Brian, weight=49, runSpeed=0, height=58)
2024-07-01T13:18:25.006+01:00  INFO 18604 --- [           main] c.w.v.c.s.a.WeightIncreaseEntityListener : Listened for object with type Alien
2024-07-01T13:18:25.006+01:00  WARN 18604 --- [           main] c.w.v.c.s.a.WeightIncreaseEntityListener : Weight Gain service has been disabled
2024-07-01T13:18:25.007+01:00  INFO 18604 --- [           main] c.w.v.cucumber.space.alien.AlienService  : An alien has been created! Alien(id=141, type=Wookie, fullName=Brian, weight=41, runSpeed=0, height=31)
2024-07-01T13:18:25.160+01:00  INFO 18604 --- [           main] c.w.v.c.s.a.WeightIncreaseEntityListener : Listened for object with type Alien
2024-07-01T13:18:25.160+01:00  WARN 18604 --- [           main] c.w.v.c.s.a.WeightIncreaseEntityListener : Weight Gain service has been disabled
2024-07-01T13:18:25.162+01:00  INFO 18604 --- [           main] c.w.v.cucumber.space.alien.AlienService  : An alien has been created! Alien(id=142, type=Wookie, fullName=Brian, weight=83, runSpeed=0, height=33)
2024-07-01T13:18:25.317+01:00  INFO 18604 --- [           main] c.w.v.c.s.a.WeightIncreaseEntityListener : Listened for object with type Alien
2024-07-01T13:18:25.317+01:00  WARN 18604 --- [           main] c.w.v.c.s.a.WeightIncreaseEntityListener : Weight Gain service has been disabled
2024-07-01T13:18:25.318+01:00  INFO 18604 --- [           main] c.w.v.cucumber.space.alien.AlienService  : An alien has been created! Alien(id=143, type=Wookie, fullName=Brian, weight=15, runSpeed=0, height=72)
2024-07-01T13:18:25.475+01:00  INFO 18604 --- [           main] c.w.v.c.s.a.WeightIncreaseEntityListener : Listened for object with type Alien
2024-07-01T13:18:25.475+01:00  WARN 18604 --- [           main] c.w.v.c.s.a.WeightIncreaseEntityListener : Weight Gain service has been disabled
2024-07-01T13:18:25.475+01:00  INFO 18604 --- [           main] c.w.v.cucumber.space.alien.AlienService  : An alien has been created! Alien(id=144, type=Wookie, fullName=Brian, weight=12, runSpeed=0, height=99)
2024-07-01T13:18:25.630+01:00  INFO 18604 --- [           main] c.w.v.c.s.a.WeightIncreaseEntityListener : Listened for object with type Alien
[...]
	at io.cucumber.core.runner.TestStep.run(TestStep.java:57)
	at io.cucumber.core.runner.PickleStepTestStep.run(PickleStepTestStep.java:51)
	at io.cucumber.core.runner.TestCase.run(TestCase.java:95)
	at io.cucumber.core.runner.Runner.runPickle(Runner.java:75)
	at io.cucumber.junit.platform.engine.CucumberEngineExecutionContext.lambda$runTestCase$3(CucumberEngineExecutionContext.java:88)
	at io.cucumber.core.runtime.CucumberExecutionContext.lambda$runTestCase$3(CucumberExecutionContext.java:110)
	at io.cucumber.core.runtime.RethrowingThrowableCollector.executeAndThrow(RethrowingThrowableCollector.java:23)
	at io.cucumber.core.runtime.CucumberExecutionContext.runTestCase(CucumberExecutionContext.java:110)
	at io.cucumber.junit.platform.engine.CucumberEngineExecutionContext.runTestCase(CucumberEngineExecutionContext.java:85)
	at io.cucumber.junit.platform.engine.PickleDescriptor.execute(PickleDescriptor.java:100)
	at io.cucumber.junit.platform.engine.PickleDescriptor.execute(PickleDescriptor.java:29)
	at org.junit.platform.engine.support.hierarchical.NodeTestTask.lambda$executeRecursively$6(NodeTestTask.java:151)
	at org.junit.platform.engine.support.hierarchical.ThrowableCollector.execute(ThrowableCollector.java:73)
	at org.junit.platform.engine.support.hierarchical.NodeTestTask.lambda$executeRecursively$8(NodeTestTask.java:141)
	at org.junit.platform.engine.support.hierarchical.Node.around(Node.java:137)
	at org.junit.platform.engine.support.hierarchical.NodeTestTask.lambda$executeRecursively$9(NodeTestTask.java:139)
	at org.junit.platform.engine.support.hierarchical.ThrowableCollector.execute(ThrowableCollector.java:73)
	at org.junit.platform.engine.support.hierarchical.NodeTestTask.executeRecursively(NodeTestTask.java:138)
	at org.junit.platform.engine.support.hierarchical.NodeTestTask.execute(NodeTestTask.java:95)
	at java.base/java.util.ArrayList.forEach(ArrayList.java:1511)
	at org.junit.platform.engine.support.hierarchical.SameThreadHierarchicalTestExecutorService.invokeAll(SameThreadHierarchicalTestExecutorService.java:41)
	at org.junit.platform.engine.support.hierarchical.NodeTestTask.lambda$executeRecursively$6(NodeTestTask.java:155)
	at org.junit.platform.engine.support.hierarchical.ThrowableCollector.execute(ThrowableCollector.java:73)
	at org.junit.platform.engine.support.hierarchical.NodeTestTask.lambda$executeRecursively$8(NodeTestTask.java:141)
	at org.junit.platform.engine.support.hierarchical.Node.around(Node.java:137)
	at org.junit.platform.engine.support.hierarchical.NodeTestTask.lambda$executeRecursively$9(NodeTestTask.java:139)
	at org.junit.platform.engine.support.hierarchical.ThrowableCollector.execute(ThrowableCollector.java:73)
	at org.junit.platform.engine.support.hierarchical.NodeTestTask.executeRecursively(NodeTestTask.java:138)
	at org.junit.platform.engine.support.hierarchical.NodeTestTask.execute(NodeTestTask.java:95)
	at java.base/java.util.ArrayList.forEach(ArrayList.java:1511)
	at org.junit.platform.engine.support.hierarchical.SameThreadHierarchicalTestExecutorService.invokeAll(SameThreadHierarchicalTestExecutorService.java:41)
	at org.junit.platform.engine.support.hierarchical.NodeTestTask.lambda$executeRecursively$6(NodeTestTask.java:155)
	at org.junit.platform.engine.support.hierarchical.ThrowableCollector.execute(ThrowableCollector.java:73)
	at org.junit.platform.engine.support.hierarchical.NodeTestTask.lambda$executeRecursively$8(NodeTestTask.java:141)
	at org.junit.platform.engine.support.hierarchical.Node.around(Node.java:137)
	at org.junit.platform.engine.support.hierarchical.NodeTestTask.lambda$executeRecursively$9(NodeTestTask.java:139)
	at org.junit.platform.engine.support.hierarchical.ThrowableCollector.execute(ThrowableCollector.java:73)
	at org.junit.platform.engine.support.hierarchical.NodeTestTask.executeRecursively(NodeTestTask.java:138)
	at org.junit.platform.engine.support.hierarchical.NodeTestTask.execute(NodeTestTask.java:95)
	at org.junit.platform.engine.support.hierarchical.SameThreadHierarchicalTestExecutorService.submit(SameThreadHierarchicalTestExecutorService.java:35)
	at org.junit.platform.engine.support.hierarchical.HierarchicalTestExecutor.execute(HierarchicalTestExecutor.java:57)
	at org.junit.platform.engine.support.hierarchical.HierarchicalTestEngine.execute(HierarchicalTestEngine.java:54)
	at org.junit.platform.launcher.core.EngineExecutionOrchestrator.execute(EngineExecutionOrchestrator.java:147)
	at org.junit.platform.launcher.core.EngineExecutionOrchestrator.execute(EngineExecutionOrchestrator.java:127)
	at org.junit.platform.launcher.core.EngineExecutionOrchestrator.execute(EngineExecutionOrchestrator.java:90)
	at org.junit.platform.launcher.core.EngineExecutionOrchestrator.execute(EngineExecutionOrchestrator.java:73)
	at org.junit.platform.suite.engine.SuiteLauncher.execute(SuiteLauncher.java:63)
	at org.junit.platform.suite.engine.SuiteTestDescriptor.execute(SuiteTestDescriptor.java:150)
	at org.junit.platform.suite.engine.SuiteTestEngine.lambda$execute$0(SuiteTestEngine.java:73)
	at java.base/java.util.stream.ForEachOps$ForEachOp$OfRef.accept(ForEachOps.java:183)
	at java.base/java.util.stream.ReferencePipeline$3$1.accept(ReferencePipeline.java:197)
	at java.base/java.util.Iterator.forEachRemaining(Iterator.java:133)
	at java.base/java.util.Spliterators$IteratorSpliterator.forEachRemaining(Spliterators.java:1845)
	at java.base/java.util.stream.AbstractPipeline.copyInto(AbstractPipeline.java:509)
	at java.base/java.util.stream.AbstractPipeline.wrapAndCopyInto(AbstractPipeline.java:499)
	at java.base/java.util.stream.ForEachOps$ForEachOp.evaluateSequential(ForEachOps.java:150)
	at java.base/java.util.stream.ForEachOps$ForEachOp$OfRef.evaluateSequential(ForEachOps.java:173)
	at java.base/java.util.stream.AbstractPipeline.evaluate(AbstractPipeline.java:234)
	at java.base/java.util.stream.ReferencePipeline.forEach(ReferencePipeline.java:596)
	at org.junit.platform.suite.engine.SuiteTestEngine.execute(SuiteTestEngine.java:73)
	at org.junit.platform.launcher.core.EngineExecutionOrchestrator.execute(EngineExecutionOrchestrator.java:147)
	at org.junit.platform.launcher.core.EngineExecutionOrchestrator.execute(EngineExecutionOrchestrator.java:127)
	at org.junit.platform.launcher.core.EngineExecutionOrchestrator.execute(EngineExecutionOrchestrator.java:90)
	at org.junit.platform.launcher.core.EngineExecutionOrchestrator.lambda$execute$0(EngineExecutionOrchestrator.java:55)
	at org.junit.platform.launcher.core.EngineExecutionOrchestrator.withInterceptedStreams(EngineExecutionOrchestrator.java:102)
	at org.junit.platform.launcher.core.EngineExecutionOrchestrator.execute(EngineExecutionOrchestrator.java:54)
	at org.junit.platform.launcher.core.DefaultLauncher.execute(DefaultLauncher.java:114)
	at org.junit.platform.launcher.core.DefaultLauncher.execute(DefaultLauncher.java:86)
	at org.junit.platform.launcher.core.DefaultLauncherSession$DelegatingLauncher.execute(DefaultLauncherSession.java:86)
	at org.apache.maven.surefire.junitplatform.LazyLauncher.execute(LazyLauncher.java:56)
	at org.apache.maven.surefire.junitplatform.JUnitPlatformProvider.execute(JUnitPlatformProvider.java:184)
	at org.apache.maven.surefire.junitplatform.JUnitPlatformProvider.invokeAllTests(JUnitPlatformProvider.java:148)
	at org.apache.maven.surefire.junitplatform.JUnitPlatformProvider.invoke(JUnitPlatformProvider.java:122)
	at org.apache.maven.surefire.booter.ForkedBooter.runSuitesInProcess(ForkedBooter.java:385)
	at org.apache.maven.surefire.booter.ForkedBooter.execute(ForkedBooter.java:162)
	at org.apache.maven.surefire.booter.ForkedBooter.run(ForkedBooter.java:507)
	at org.apache.maven.surefire.booter.ForkedBooter.main(ForkedBooter.java:495)
]]></system-err>
  </testcase>
  <testcase name="Send DT as data" classname="Lets use DT" time="0.226">
    <system-out><![CDATA[2024-07-01T13:19:08.175+01:00  INFO 18604 --- [           main] t.c.s.AnnotationConfigContextLoaderUtils : Could not detect default configuration classes for test class [code.with.vanilson.cucumber.config.CucumberSpringConfiguration]: CucumberSpringConfiguration does not declare any static, non-private, non-final, nested classes annotated with @Configuration.
2024-07-01T13:19:08.177+01:00  INFO 18604 --- [           main] .b.t.c.SpringBootTestContextBootstrapper : Found @SpringBootConfiguration code.with.vanilson.cucumber.DemoCucumberApplication for test class code.with.vanilson.cucumber.config.CucumberSpringConfiguration

Scenario: Send DT as data                                     &amp#27;[90m# features/datatable/ScenarioWithDataTable.feature:3&amp#27;[0m
| shipName    | fuel | maxSpeed |
| Eagle 2     | 99   | 4323.26  |
| Owl         | 28   | 553.1    |
| The sparrow | 65   | 6323.2   |
| R2D2        | 34   | 2313.3   |

[{shipName=Eagle 2, fuel=99, maxSpeed=4323.26}, {shipName=Owl, fuel=28, maxSpeed=553.1}, {shipName=The sparrow, fuel=65, maxSpeed=6323.2}, {shipName=R2D2, fuel=34, maxSpeed=2313.3}]
  &amp#27;[32mGiven &amp#27;[0m&amp#27;[32mWe have gaffa taped the following spaceships together&amp#27;[0m &amp#27;[90m# code.with.vanilson.cucumber.glue.CucumberMySteps.weHaveGaffaTapedTheFollowingSpaceshipsTogether(io.cucumber.datatable.DataTable)&amp#27;[0m
    | shipName    | fuel | maxSpeed |
    | Eagle 2     | 99   | 4323.26  |
    | Owl         | 28   | 553.1    |
    | The sparrow | 65   | 6323.2   |
    | R2D2        | 34   | 2313.3   |
Response from post SpaceShipDto[id=1, shipName=Eagle 2, fuel=99, maxSpeed=4323.26]
Response from post SpaceShipDto[id=2, shipName=Owl, fuel=28, maxSpeed=553.1]
Response from post SpaceShipDto[id=3, shipName=The sparrow, fuel=65, maxSpeed=6323.2]
Response from post SpaceShipDto[id=4, shipName=R2D2, fuel=34, maxSpeed=2313.3]
  &amp#27;[32mWhen &amp#27;[0m&amp#27;[32msend ships to rest controller&amp#27;[0m                          &amp#27;[90m# code.with.vanilson.cucumber.glue.CucumberMySteps.sendShipsToRestController()&amp#27;[0m
  &amp#27;[32mThen &amp#27;[0m&amp#27;[32mall ships should now have an id&amp#27;[0m                        &amp#27;[90m# code.with.vanilson.cucumber.glue.CucumberMySteps.shipsShouldHaveIds(io.cucumber.datatable.DataTable)&amp#27;[0m
    | shipName    |
    | R2D2        |
    | Owl         |
    | The sparrow |
    | Eagle 2     |
]]></system-out>
  </testcase>
  <testcase name="Example #1" classname="Examples" time="0.027">
    <system-out><![CDATA[2024-07-01T13:19:08.404+01:00  INFO 18604 --- [           main] t.c.s.AnnotationConfigContextLoaderUtils : Could not detect default configuration classes for test class [code.with.vanilson.cucumber.config.CucumberSpringConfiguration]: CucumberSpringConfiguration does not declare any static, non-private, non-final, nested classes annotated with @Configuration.
2024-07-01T13:19:08.406+01:00  INFO 18604 --- [           main] .b.t.c.SpringBootTestContextBootstrapper : Found @SpringBootConfiguration code.with.vanilson.cucumber.DemoCucumberApplication for test class code.with.vanilson.cucumber.config.CucumberSpringConfiguration

Scenario Outline: Introduce yourself and then say hi &amp#27;[90m# features/greetings/GreetingsTest.feature:11&amp#27;[0m
  &amp#27;[32mWhen &amp#27;[0m&amp#27;[32mwe introduce ourselves as &amp#27;[0m&amp#27;[32m&amp#27;[1m"Mike"&amp#27;[0m              &amp#27;[90m# code.with.vanilson.cucumber.glue.GreetingStepdefs.introduceOurselves(java.lang.String)&amp#27;[0m
  &amp#27;[32mAnd &amp#27;[0m&amp#27;[32mwe say we want greeting &amp#27;[0m&amp#27;[32m&amp#27;[1m"hi"&amp#27;[0m                   &amp#27;[90m# code.with.vanilson.cucumber.glue.GreetingStepdefs.greeting(java.lang.String)&amp#27;[0m
hi Mike
  &amp#27;[32mThen &amp#27;[0m&amp#27;[32mplease say &amp#27;[0m&amp#27;[32m&amp#27;[1m"hi Mike"&amp#27;[0m                          &amp#27;[90m# code.with.vanilson.cucumber.glue.GreetingStepdefs.assertGreeting(java.lang.String)&amp#27;[0m
]]></system-out>
  </testcase>
  <testcase name="Example #2" classname="Examples" time="0.023">
    <system-out><![CDATA[2024-07-01T13:19:08.431+01:00  INFO 18604 --- [           main] t.c.s.AnnotationConfigContextLoaderUtils : Could not detect default configuration classes for test class [code.with.vanilson.cucumber.config.CucumberSpringConfiguration]: CucumberSpringConfiguration does not declare any static, non-private, non-final, nested classes annotated with @Configuration.
2024-07-01T13:19:08.434+01:00  INFO 18604 --- [           main] .b.t.c.SpringBootTestContextBootstrapper : Found @SpringBootConfiguration code.with.vanilson.cucumber.DemoCucumberApplication for test class code.with.vanilson.cucumber.config.CucumberSpringConfiguration

Scenario Outline: Introduce yourself and then say hi &amp#27;[90m# features/greetings/GreetingsTest.feature:12&amp#27;[0m
  &amp#27;[32mWhen &amp#27;[0m&amp#27;[32mwe introduce ourselves as &amp#27;[0m&amp#27;[32m&amp#27;[1m"Nikolai"&amp#27;[0m           &amp#27;[90m# code.with.vanilson.cucumber.glue.GreetingStepdefs.introduceOurselves(java.lang.String)&amp#27;[0m
  &amp#27;[32mAnd &amp#27;[0m&amp#27;[32mwe say we want greeting &amp#27;[0m&amp#27;[32m&amp#27;[1m"yo"&amp#27;[0m                   &amp#27;[90m# code.with.vanilson.cucumber.glue.GreetingStepdefs.greeting(java.lang.String)&amp#27;[0m
yo Nikolai
  &amp#27;[32mThen &amp#27;[0m&amp#27;[32mplease say &amp#27;[0m&amp#27;[32m&amp#27;[1m"yo Nikolai"&amp#27;[0m                       &amp#27;[90m# code.with.vanilson.cucumber.glue.GreetingStepdefs.assertGreeting(java.lang.String)&amp#27;[0m
]]></system-out>
  </testcase>
  <testcase name="Example #3" classname="Examples" time="0.027">
    <system-out><![CDATA[2024-07-01T13:19:08.455+01:00  INFO 18604 --- [           main] t.c.s.AnnotationConfigContextLoaderUtils : Could not detect default configuration classes for test class [code.with.vanilson.cucumber.config.CucumberSpringConfiguration]: CucumberSpringConfiguration does not declare any static, non-private, non-final, nested classes annotated with @Configuration.
2024-07-01T13:19:08.457+01:00  INFO 18604 --- [           main] .b.t.c.SpringBootTestContextBootstrapper : Found @SpringBootConfiguration code.with.vanilson.cucumber.DemoCucumberApplication for test class code.with.vanilson.cucumber.config.CucumberSpringConfiguration

Scenario Outline: Introduce yourself and then say hi &amp#27;[90m# features/greetings/GreetingsTest.feature:13&amp#27;[0m
  &amp#27;[32mWhen &amp#27;[0m&amp#27;[32mwe introduce ourselves as &amp#27;[0m&amp#27;[32m&amp#27;[1m"Lillian"&amp#27;[0m           &amp#27;[90m# code.with.vanilson.cucumber.glue.GreetingStepdefs.introduceOurselves(java.lang.String)&amp#27;[0m
  &amp#27;[32mAnd &amp#27;[0m&amp#27;[32mwe say we want greeting &amp#27;[0m&amp#27;[32m&amp#27;[1m"yiiihaaa"&amp#27;[0m             &amp#27;[90m# code.with.vanilson.cucumber.glue.GreetingStepdefs.greeting(java.lang.String)&amp#27;[0m
yiiihaaa Lillian
  &amp#27;[32mThen &amp#27;[0m&amp#27;[32mplease say &amp#27;[0m&amp#27;[32m&amp#27;[1m"yiiihaaa Lillian"&amp#27;[0m                 &amp#27;[90m# code.with.vanilson.cucumber.glue.GreetingStepdefs.assertGreeting(java.lang.String)&amp#27;[0m
]]></system-out>
  </testcase>
  <testcase name="Example #4" classname="Examples" time="0.024">
    <system-out><![CDATA[2024-07-01T13:19:08.485+01:00  INFO 18604 --- [           main] t.c.s.AnnotationConfigContextLoaderUtils : Could not detect default configuration classes for test class [code.with.vanilson.cucumber.config.CucumberSpringConfiguration]: CucumberSpringConfiguration does not declare any static, non-private, non-final, nested classes annotated with @Configuration.
2024-07-01T13:19:08.488+01:00  INFO 18604 --- [           main] .b.t.c.SpringBootTestContextBootstrapper : Found @SpringBootConfiguration code.with.vanilson.cucumber.DemoCucumberApplication for test class code.with.vanilson.cucumber.config.CucumberSpringConfiguration

Scenario Outline: Introduce yourself and then say hi &amp#27;[90m# features/greetings/GreetingsTest.feature:14&amp#27;[0m
  &amp#27;[32mWhen &amp#27;[0m&amp#27;[32mwe introduce ourselves as &amp#27;[0m&amp#27;[32m&amp#27;[1m"SÃ¸ren"&amp#27;[0m             &amp#27;[90m# code.with.vanilson.cucumber.glue.GreetingStepdefs.introduceOurselves(java.lang.String)&amp#27;[0m
  &amp#27;[32mAnd &amp#27;[0m&amp#27;[32mwe say we want greeting &amp#27;[0m&amp#27;[32m&amp#27;[1m"hello"&amp#27;[0m                &amp#27;[90m# code.with.vanilson.cucumber.glue.GreetingStepdefs.greeting(java.lang.String)&amp#27;[0m
hello Søren
  &amp#27;[32mThen &amp#27;[0m&amp#27;[32mplease say &amp#27;[0m&amp#27;[32m&amp#27;[1m"hello SÃ¸ren"&amp#27;[0m                      &amp#27;[90m# code.with.vanilson.cucumber.glue.GreetingStepdefs.assertGreeting(java.lang.String)&amp#27;[0m
]]></system-out>
  </testcase>
  <testcase name="Example #5" classname="Examples" time="0.033">
    <system-out><![CDATA[2024-07-01T13:19:08.508+01:00  INFO 18604 --- [           main] t.c.s.AnnotationConfigContextLoaderUtils : Could not detect default configuration classes for test class [code.with.vanilson.cucumber.config.CucumberSpringConfiguration]: CucumberSpringConfiguration does not declare any static, non-private, non-final, nested classes annotated with @Configuration.
2024-07-01T13:19:08.511+01:00  INFO 18604 --- [           main] .b.t.c.SpringBootTestContextBootstrapper : Found @SpringBootConfiguration code.with.vanilson.cucumber.DemoCucumberApplication for test class code.with.vanilson.cucumber.config.CucumberSpringConfiguration

Scenario Outline: Introduce yourself and then say hi &amp#27;[90m# features/greetings/GreetingsTest.feature:15&amp#27;[0m
  &amp#27;[32mWhen &amp#27;[0m&amp#27;[32mwe introduce ourselves as &amp#27;[0m&amp#27;[32m&amp#27;[1m"Paulina"&amp#27;[0m           &amp#27;[90m# code.with.vanilson.cucumber.glue.GreetingStepdefs.introduceOurselves(java.lang.String)&amp#27;[0m
  &amp#27;[32mAnd &amp#27;[0m&amp#27;[32mwe say we want greeting &amp#27;[0m&amp#27;[32m&amp#27;[1m"Goodday"&amp#27;[0m              &amp#27;[90m# code.with.vanilson.cucumber.glue.GreetingStepdefs.greeting(java.lang.String)&amp#27;[0m
Goodday Paulina
  &amp#27;[32mThen &amp#27;[0m&amp#27;[32mplease say &amp#27;[0m&amp#27;[32m&amp#27;[1m"Goodday Paulina"&amp#27;[0m                  &amp#27;[90m# code.with.vanilson.cucumber.glue.GreetingStepdefs.assertGreeting(java.lang.String)&amp#27;[0m
]]></system-out>
  </testcase>
  <testcase name="Example #6" classname="Examples" time="0.029">
    <system-out><![CDATA[2024-07-01T13:19:08.542+01:00  INFO 18604 --- [           main] t.c.s.AnnotationConfigContextLoaderUtils : Could not detect default configuration classes for test class [code.with.vanilson.cucumber.config.CucumberSpringConfiguration]: CucumberSpringConfiguration does not declare any static, non-private, non-final, nested classes annotated with @Configuration.
2024-07-01T13:19:08.544+01:00  INFO 18604 --- [           main] .b.t.c.SpringBootTestContextBootstrapper : Found @SpringBootConfiguration code.with.vanilson.cucumber.DemoCucumberApplication for test class code.with.vanilson.cucumber.config.CucumberSpringConfiguration

Scenario Outline: Introduce yourself and then say hi &amp#27;[90m# features/greetings/GreetingsTest.feature:16&amp#27;[0m
  &amp#27;[32mWhen &amp#27;[0m&amp#27;[32mwe introduce ourselves as &amp#27;[0m&amp#27;[32m&amp#27;[1m"My friend"&amp#27;[0m         &amp#27;[90m# code.with.vanilson.cucumber.glue.GreetingStepdefs.introduceOurselves(java.lang.String)&amp#27;[0m
  &amp#27;[32mAnd &amp#27;[0m&amp#27;[32mwe say we want greeting &amp#27;[0m&amp#27;[32m&amp#27;[1m"Goodmorning"&amp#27;[0m          &amp#27;[90m# code.with.vanilson.cucumber.glue.GreetingStepdefs.greeting(java.lang.String)&amp#27;[0m
Goodmorning My friend
  &amp#27;[32mThen &amp#27;[0m&amp#27;[32mplease say &amp#27;[0m&amp#27;[32m&amp#27;[1m"Goodmorning My friend"&amp#27;[0m            &amp#27;[90m# code.with.vanilson.cucumber.glue.GreetingStepdefs.assertGreeting(java.lang.String)&amp#27;[0m
]]></system-out>
  </testcase>
</testsuite>